23-08-2021 21:07:32 - Отримання Квитків по сеансах, id - 930fe168-922c-16ac-1938-ee6e2ca1c585
23-08-2021 21:07:32 - Строк дії id закінчився
23-08-2021 21:09:14 - Отримання Квитків по сеансах, id - 930fe168-922c-16ac-1938-ee6e2ca1c585
23-08-2021 21:09:14 - Строк дії id закінчився
23-08-2021 21:09:18 - Отримання Квитків по сеансах, id - 930fe168-922c-16ac-1938-ee6e2ca1c585
23-08-2021 21:09:18 - Строк дії id закінчився
23-08-2021 21:09:51 - Отримання Квитків по сеансах, id - 930fe168-922c-16ac-1938-ee6e2ca1c585
23-08-2021 21:09:51 - Перевірка на те що дата введено кореткно.31.08.2021
23-08-2021 21:09:51 - Передача квитків по сеансах.
23-08-2021 21:10:16 - Отримання сеансів по днях, id - 930fe168-922c-16ac-1938-ee6e2ca1c585
23-08-2021 21:10:16 - Перевірка на те що дата введено кореткно.31.08.2021
23-08-2021 21:10:16 - Перевірка на те що дата введено кореткно.31.08.2021
23-08-2021 21:10:16 - Передача сеансів по датах.
23-08-2021 21:11:40 - Резервуванян квитків, id - 930fe168-922c-16ac-1938-ee6e2ca1c585
23-08-2021 21:11:40 - Перевірка на те що дата введено кореткно.31.08.2021
23-08-2021 21:11:40 - Один або всі квитки не коректніArray
23-08-2021 21:18:47 - Резервуванян квитків, id - 930fe168-922c-16ac-1938-ee6e2ca1c585
23-08-2021 21:18:47 - Строк дії id закінчився
23-08-2021 21:19:12 - Резервуванян квитків, id - 930fe168-922c-16ac-1938-ee6e2ca1c585
23-08-2021 21:19:12 - Перевірка на те що дата введено кореткно.31.08.2021
23-08-2021 21:19:12 - Один або всі квитки не коректніArray
23-08-2021 21:19:43 - Резервуванян квитків, id - 930fe168-922c-16ac-1938-ee6e2ca1c585
23-08-2021 21:19:43 - Перевірка на те що дата введено кореткно.31.08.2021
23-08-2021 21:19:43 - Один або всі квитки не коректні.
23-08-2021 21:21:43 - Резервуванян квитків, id - 930fe168-922c-16ac-1938-ee6e2ca1c585
23-08-2021 21:21:43 - Перевірка на те що дата введено кореткно.31.08.2021
23-08-2021 21:21:43 - Один або всі квитки не коректні.
23-08-2021 21:21:58 - Резервуванян квитків, id - 930fe168-922c-16ac-1938-ee6e2ca1c585
23-08-2021 21:21:58 - Перевірка на те що дата введено кореткно.31.08.2021
23-08-2021 21:21:58 - Резервування готове.
23-08-2021 21:22:10 - Резервуванян квитків, id - 930fe168-922c-16ac-1938-ee6e2ca1c585
23-08-2021 21:22:10 - Перевірка на те що дата введено кореткно.31.08.2021
23-08-2021 21:22:10 - Резервування готове.
23-08-2021 21:27:21 - Резервуванян квитків, id - 930fe168-922c-16ac-1938-ee6e2ca1c585
23-08-2021 21:27:21 - Перевірка на те що дата введено кореткно.31.08.2021
23-08-2021 21:27:21 - Резервування готове.
23-08-2021 21:27:34 - Резервуванян квитків, id - 930fe168-922c-16ac-1938-ee6e2ca1c585
23-08-2021 21:27:34 - Перевірка на те що дата введено кореткно.31.08.2021
23-08-2021 21:27:34 - Резервування готове.
23-08-2021 21:27:45 - Резервуванян квитків, id - 930fe168-922c-16ac-1938-ee6e2ca1c585
23-08-2021 21:27:45 - Перевірка на те що дата введено кореткно.31.08.2021
23-08-2021 21:27:45 - Резервування готове.
23-08-2021 21:28:10 - Резервуванян квитків, id - 930fe168-922c-16ac-1938-ee6e2ca1c585
23-08-2021 21:28:10 - Перевірка на те що дата введено кореткно.31.08.2021
23-08-2021 21:28:10 - Замовлено(14) більше квитків ніж доступно(7)
23-08-2021 21:28:54 - Резервуванян квитків, id - 930fe168-922c-16ac-1938-ee6e2ca1c585
23-08-2021 21:28:54 - Перевірка на те що дата введено кореткно.31.08.2021
23-08-2021 21:28:54 - Замовлено(14) більше квитків ніж доступно(7)
23-08-2021 21:31:35 - Резервуванян квитків, id - 930fe168-922c-16ac-1938-ee6e2ca1c585
23-08-2021 21:31:35 - Перевірка на те що дата введено кореткно.31.08.2021
23-08-2021 21:31:35 - Замовлено(14) більше квитків ніж доступно(7)
23-08-2021 21:32:18 - Резервуванян квитків, id - 930fe168-922c-16ac-1938-ee6e2ca1c585
23-08-2021 21:32:18 - Перевірка на те що дата введено кореткно.31.08.2021
23-08-2021 21:32:18 - Один або всі квитки не коректні.
23-08-2021 21:33:06 - Резервуванян квитків, id - 930fe168-922c-16ac-1938-ee6e2ca1c585
23-08-2021 21:33:06 - Перевірка на те що дата введено кореткно.31.08.2021
23-08-2021 21:33:06 - Резервування готове.
23-08-2021 21:34:29 - Резервуванян квитків, id - 930fe168-922c-16ac-1938-ee6e2ca1c585
23-08-2021 21:34:29 - Перевірка на те що дата введено кореткно.31.08.2021
23-08-2021 21:34:29 - Резервування готове.
23-08-2021 21:38:10 - Резервуванян квитків, id - 930fe168-922c-16ac-1938-ee6e2ca1c585
23-08-2021 21:38:10 - Перевірка на те що дата введено кореткно.31.08.2021
23-08-2021 21:38:10 - Один або всі квитки не коректні.
23-08-2021 21:38:30 - Резервуванян квитків, id - 930fe168-922c-16ac-1938-ee6e2ca1c585
23-08-2021 21:38:30 - Перевірка на те що дата введено кореткно.31.08.2021
23-08-2021 21:38:30 - Резервування готове.
23-08-2021 21:40:09 - Резервуванян квитків, id - 930fe168-922c-16ac-1938-ee6e2ca1c585
23-08-2021 21:40:09 - Перевірка на те що дата введено кореткно.31.08.2021
23-08-2021 21:40:09 - Резервування готове.
23-08-2021 21:40:20 - Резервуванян квитків, id - 930fe168-922c-16ac-1938-ee6e2ca1c585
23-08-2021 21:40:20 - Перевірка на те що дата введено кореткно.31.08.2021
23-08-2021 21:40:20 - Один або всі квитки не коректні.
23-08-2021 21:40:34 - Резервуванян квитків, id - 930fe168-922c-16ac-1938-ee6e2ca1c585
23-08-2021 21:40:34 - Перевірка на те що дата введено кореткно.31.08.2021
23-08-2021 21:40:34 - Один або всі квитки не коректні.
23-08-2021 21:41:11 - Резервуванян квитків, id - 930fe168-922c-16ac-1938-ee6e2ca1c585
23-08-2021 21:41:11 - Перевірка на те що дата введено кореткно.31.08.2021
23-08-2021 21:41:11 - Один або всі квитки не коректні.
23-08-2021 21:41:20 - Резервуванян квитків, id - 930fe168-922c-16ac-1938-ee6e2ca1c585
23-08-2021 21:41:20 - Перевірка на те що дата введено кореткно.31.08.2021
23-08-2021 21:41:20 - Один або всі квитки не коректні.
23-08-2021 21:41:31 - Резервуванян квитків, id - 930fe168-922c-16ac-1938-ee6e2ca1c585
23-08-2021 21:41:31 - Перевірка на те що дата введено кореткно.31.08.2021
23-08-2021 21:41:31 - Резервування готове.
23-08-2021 21:41:40 - Резервуванян квитків, id - 930fe168-922c-16ac-1938-ee6e2ca1c585
23-08-2021 21:41:40 - Перевірка на те що дата введено кореткно.31.08.2021
23-08-2021 21:41:40 - Один або всі квитки не коректні.
23-08-2021 21:43:01 - Резервуванян квитків, id - 930fe168-922c-16ac-1938-ee6e2ca1c585
23-08-2021 21:43:01 - Перевірка на те що дата введено кореткно.31.08.2021
23-08-2021 21:43:01 - Резервування готове.
23-08-2021 21:43:20 - Резервуванян квитків, id - 930fe168-922c-16ac-1938-ee6e2ca1c585
23-08-2021 21:43:20 - Перевірка на те що дата введено кореткно.31.08.2021
23-08-2021 21:43:20 - Резервування готове.
23-08-2021 21:44:18 - Резервуванян квитків, id - 930fe168-922c-16ac-1938-ee6e2ca1c585
23-08-2021 21:44:18 - Перевірка на те що дата введено кореткно.31.08.2021
23-08-2021 21:44:18 - Один або всі квитки не коректні.
23-08-2021 21:44:27 - Резервуванян квитків, id - 930fe168-922c-16ac-1938-ee6e2ca1c585
23-08-2021 21:44:27 - Перевірка на те що дата введено кореткно.31.08.2021
23-08-2021 21:44:27 - Один або всі квитки не коректні.
23-08-2021 21:44:54 - Резервуванян квитків, id - 930fe168-922c-16ac-1938-ee6e2ca1c585
23-08-2021 21:44:54 - Перевірка на те що дата введено кореткно.31.08.2021
23-08-2021 21:44:54 - Один або всі квитки не коректні.
23-08-2021 21:46:50 - Резервуванян квитків, id - 930fe168-922c-16ac-1938-ee6e2ca1c585
23-08-2021 21:46:50 - Строк дії id закінчився
23-08-2021 21:47:11 - Резервуванян квитків, id - 930fe168-922c-16ac-1938-ee6e2ca1c585
23-08-2021 21:47:11 - Перевірка на те що дата введено кореткно.31.08.2021
23-08-2021 21:47:11 - Один або всі квитки не коректні.
23-08-2021 21:47:37 - Резервуванян квитків, id - 930fe168-922c-16ac-1938-ee6e2ca1c585
23-08-2021 21:47:37 - Перевірка на те що дата введено кореткно.31.08.2021
23-08-2021 21:47:37 - Один або всі квитки не коректні.
23-08-2021 21:47:50 - Резервуванян квитків, id - 930fe168-922c-16ac-1938-ee6e2ca1c585
23-08-2021 21:47:50 - Перевірка на те що дата введено кореткно.31.08.2021
23-08-2021 21:47:50 - Резервування готове.
23-08-2021 21:48:06 - Резервуванян квитків, id - 930fe168-922c-16ac-1938-ee6e2ca1c585
23-08-2021 21:48:06 - Перевірка на те що дата введено кореткно.31.08.2021
23-08-2021 21:48:06 - Один або всі квитки не коректні.
23-08-2021 21:48:24 - Резервуванян квитків, id - 930fe168-922c-16ac-1938-ee6e2ca1c585
23-08-2021 21:48:24 - Перевірка на те що дата введено кореткно.31.08.2021
23-08-2021 21:48:24 - Один або всі квитки не коректні.
23-08-2021 21:48:50 - Резервуванян квитків, id - 930fe168-922c-16ac-1938-ee6e2ca1c585
23-08-2021 21:48:50 - Перевірка на те що дата введено кореткно.31.08.2021
23-08-2021 21:48:50 - Резервування готове.
23-08-2021 21:49:33 - Резервуванян квитків, id - 930fe168-922c-16ac-1938-ee6e2ca1c585
23-08-2021 21:49:33 - Перевірка на те що дата введено кореткно.31.08.2021
23-08-2021 21:49:33 - Резервування готове.
23-08-2021 21:49:44 - Резервуванян квитків, id - 930fe168-922c-16ac-1938-ee6e2ca1c585
23-08-2021 21:49:44 - Перевірка на те що дата введено кореткно.31.08.2021
23-08-2021 21:49:44 - Резервування готове.
23-08-2021 21:55:46 - Резервуванян квитків, id - 930fe168-922c-16ac-1938-ee6e2ca1c585
23-08-2021 21:55:46 - Перевірка на те що дата введено кореткно.31.08.2021
23-08-2021 21:55:46 - Резервування готове.
23-08-2021 21:56:23 - Резервуванян квитків, id - 930fe168-922c-16ac-1938-ee6e2ca1c585
23-08-2021 21:56:23 - Перевірка на те що дата введено кореткно.31.08.2021
23-08-2021 21:56:23 - Резервування готове.
23-08-2021 21:56:57 - Резервуванян квитків, id - 930fe168-922c-16ac-1938-ee6e2ca1c585
23-08-2021 21:56:57 - Перевірка на те що дата введено кореткно.31.08.2021
23-08-2021 21:56:57 - Один або всі квитки не коректні.
23-08-2021 21:57:32 - Резервуванян квитків, id - 930fe168-922c-16ac-1938-ee6e2ca1c585
23-08-2021 21:57:32 - Перевірка на те що дата введено кореткно.31.08.2021
23-08-2021 21:57:32 - Один або всі квитки не коректні.
23-08-2021 21:58:01 - Резервуванян квитків, id - 930fe168-922c-16ac-1938-ee6e2ca1c585
23-08-2021 21:58:01 - Перевірка на те що дата введено кореткно.31.08.2021
23-08-2021 21:58:01 - Резервування готове.
23-08-2021 21:58:38 - Резервуванян квитків, id - 930fe168-922c-16ac-1938-ee6e2ca1c585
23-08-2021 21:58:38 - Перевірка на те що дата введено кореткно.31.08.2021
23-08-2021 21:58:38 - Один або всі квитки не коректні.
23-08-2021 21:58:53 - Резервуванян квитків, id - 930fe168-922c-16ac-1938-ee6e2ca1c585
23-08-2021 21:58:53 - Перевірка на те що дата введено кореткно.31.08.2021
23-08-2021 21:58:53 - Один або всі квитки не коректні.
23-08-2021 21:59:02 - Резервуванян квитків, id - 930fe168-922c-16ac-1938-ee6e2ca1c585
23-08-2021 21:59:02 - Перевірка на те що дата введено кореткно.31.08.2021
23-08-2021 21:59:02 - Один або всі квитки не коректні.
23-08-2021 21:59:10 - Резервуванян квитків, id - 930fe168-922c-16ac-1938-ee6e2ca1c585
23-08-2021 21:59:10 - Перевірка на те що дата введено кореткно.31.08.2021
23-08-2021 21:59:10 - Один або всі квитки не коректні.
23-08-2021 21:59:28 - Резервуванян квитків, id - 930fe168-922c-16ac-1938-ee6e2ca1c585
23-08-2021 21:59:28 - Перевірка на те що дата введено кореткно.31.08.2021
23-08-2021 21:59:28 - Резервування готове.
23-08-2021 21:59:41 - Резервуванян квитків, id - 930fe168-922c-16ac-1938-ee6e2ca1c585
23-08-2021 21:59:41 - Перевірка на те що дата введено кореткно.31.08.2021
23-08-2021 21:59:41 - Резервування готове.
23-08-2021 21:59:54 - Резервуванян квитків, id - 930fe168-922c-16ac-1938-ee6e2ca1c585
23-08-2021 21:59:54 - Перевірка на те що дата введено кореткно.31.08.2021
23-08-2021 22:00:54 - Резервуванян квитків, id - 930fe168-922c-16ac-1938-ee6e2ca1c585
23-08-2021 22:00:54 - Перевірка на те що дата введено кореткно.31.08.2021
23-08-2021 22:00:54 - Резервування готове.
23-08-2021 22:03:02 - Підтвердження квитків, id - 930fe168-922c-16ac-1938-ee6e2ca1c585. Номер замовлення:50
23-08-2021 22:03:02 - Замовлення:50 підтверджене.
23-08-2021 22:06:00 - Підтвердження квитків, id - 930fe168-922c-16ac-1938-ee6e2ca1c585. Номер замовлення:50
23-08-2021 22:06:00 - Замовлення:50 підтверджене.
23-08-2021 22:06:19 - Підтвердження квитків, id - 930fe168-922c-16ac-1938-ee6e2ca1c585. Номер замовлення:50
23-08-2021 22:06:19 - Замовлення:50 підтверджене.
23-08-2021 22:14:03 - Підтвердження квитків, id - 930fe168-922c-16ac-1938-ee6e2ca1c585. Номер замовлення:50
23-08-2021 22:14:33 - Підтвердження квитків, id - 930fe168-922c-16ac-1938-ee6e2ca1c585. Номер замовлення:50
23-08-2021 22:14:33 - Замовлення:50 підтверджене.
23-08-2021 22:14:51 - Підтвердження квитків, id - 930fe168-922c-16ac-1938-ee6e2ca1c585. Номер замовлення:51
23-08-2021 22:14:51 - Один або всі заброньовані квитки не коректні
23-08-2021 22:15:14 - Підтвердження квитків, id - 930fe168-922c-16ac-1938-ee6e2ca1c585. Номер замовлення:50
23-08-2021 22:15:14 - Замовлення:50 підтверджене.
23-08-2021 22:15:19 - Підтвердження квитків, id - 930fe168-922c-16ac-1938-ee6e2ca1c585. Номер замовлення:50
23-08-2021 22:15:19 - Один або всі заброньовані квитки не коректні
