18-08-2021 20:52:48 - Резервуванян квитків, id - 930fe168-922c-16ac-1938-ee6e2ca1c585
18-08-2021 20:55:00 - Підтвердження квитків, id - 930fe168-922c-16ac-1938-ee6e2ca1c585Номер замовлення:8
18-08-2021 20:56:27 - Підтвердження квитків, id - 930fe168-922c-16ac-1938-ee6e2ca1c585Номер замовлення:938
18-08-2021 20:57:00 - Підтвердження квитків, id - 930fe168-922c-16ac-1938-ee6e2ca1c585Номер замовлення:38
18-08-2021 21:07:57 - Підтвердження квитків, id - 930fe168-922c-16ac-1938-ee6e2ca1c585. Номер замовлення:38
18-08-2021 21:08:23 - Підтвердження квитків, id - 930fe168-922c-16ac-1938-ee6e2ca1c585. Номер замовлення:38
18-08-2021 21:10:48 - Підтвердження квитків, id - 930fe168-922c-16ac-1938-ee6e2ca1c585. Номер замовлення:38
18-08-2021 21:10:48 - Один або всі заброньовані квитки не коректніArray
18-08-2021 21:14:46 - Підтвердження квитків, id - 930fe168-922c-16ac-1938-ee6e2ca1c585. Номер замовлення:38
18-08-2021 21:14:46 - Один або всі заброньовані квитки не коректніArray
18-08-2021 21:15:25 - Підтвердження квитків, id - 930fe168-922c-16ac-1938-ee6e2ca1c585. Номер замовлення:38
18-08-2021 21:15:25 - Один або всі заброньовані квитки не коректні
18-08-2021 21:15:37 - Підтвердження квитків, id - 930fe168-922c-16ac-1938-ee6e2ca1c585. Номер замовлення:38
18-08-2021 21:17:33 - Підтвердження квитків, id - 930fe168-922c-16ac-1938-ee6e2ca1c585. Номер замовлення:38
18-08-2021 21:17:33 - Замовлення:38 підтверджене.
18-08-2021 21:42:37 - Підтвердження квитків, id - 930fe168-922c-16ac-1938-ee6e2ca1c585. Номер замовлення:38
18-08-2021 21:42:37 - Замовлення:38 підтверджене.
18-08-2021 21:44:32 - Підтвердження квитків, id - 930fe168-922c-16ac-1938-ee6e2ca1c585. Номер замовлення:38
18-08-2021 21:44:32 - Замовлення:38 підтверджене.
18-08-2021 21:45:17 - Підтвердження квитків, id - 930fe168-922c-16ac-1938-ee6e2ca1c585. Номер замовлення:38
18-08-2021 21:45:17 - Замовлення:38 підтверджене.
18-08-2021 21:46:38 - Підтвердження квитків, id - 930fe168-922c-16ac-1938-ee6e2ca1c585. Номер замовлення:38
18-08-2021 21:46:38 - Замовлення:38 підтверджене.
18-08-2021 21:46:51 - Підтвердження квитків, id - 930fe168-922c-16ac-1938-ee6e2ca1c585. Номер замовлення:39
18-08-2021 21:46:51 - Замовлення:39 підтверджене.
18-08-2021 21:47:07 - Підтвердження квитків, id - 930fe168-922c-16ac-1938-ee6e2ca1c585. Номер замовлення:38
18-08-2021 21:47:07 - Замовлення:38 підтверджене.
18-08-2021 21:47:15 - Підтвердження квитків, id - 930fe168-922c-16ac-1938-ee6e2ca1c585. Номер замовлення:380
18-08-2021 21:47:15 - Замовлення:380 підтверджене.
18-08-2021 21:47:49 - Підтвердження квитків, id - 930fe168-922c-16ac-1938-ee6e2ca1c585. Номер замовлення:380
18-08-2021 21:47:49 - Замовлення:380 підтверджене.
18-08-2021 21:48:16 - Підтвердження квитків, id - 930fe168-922c-16ac-1938-ee6e2ca1c585. Номер замовлення:380
18-08-2021 21:48:16 - Замовлення:380 підтверджене.
18-08-2021 21:48:47 - Підтвердження квитків, id - 930fe168-922c-16ac-1938-ee6e2ca1c585. Номер замовлення:380
18-08-2021 21:48:47 - Замовлення:380 підтверджене.
18-08-2021 21:49:00 - Підтвердження квитків, id - 930fe168-922c-16ac-1938-ee6e2ca1c585. Номер замовлення:380
18-08-2021 21:49:00 - Замовлення:380 підтверджене.
18-08-2021 21:49:06 - Підтвердження квитків, id - 930fe168-922c-16ac-1938-ee6e2ca1c585. Номер замовлення:38
18-08-2021 21:49:06 - Замовлення:38 підтверджене.
18-08-2021 21:49:36 - Підтвердження квитків, id - 930fe168-922c-16ac-1938-ee6e2ca1c585. Номер замовлення:38
18-08-2021 21:49:36 - Замовлення:38 підтверджене.
18-08-2021 21:50:01 - Підтвердження квитків, id - 930fe168-922c-16ac-1938-ee6e2ca1c585. Номер замовлення:38
18-08-2021 21:50:01 - Замовлення:38 підтверджене.
18-08-2021 21:50:10 - Підтвердження квитків, id - 930fe168-922c-16ac-1938-ee6e2ca1c585. Номер замовлення:938
18-08-2021 21:50:10 - Замовлення:938 підтверджене.
18-08-2021 21:50:38 - Підтвердження квитків, id - 930fe168-922c-16ac-1938-ee6e2ca1c585. Номер замовлення:38
18-08-2021 21:50:38 - Замовлення:38 підтверджене.
18-08-2021 21:51:15 - Підтвердження квитків, id - 930fe168-922c-16ac-1938-ee6e2ca1c585. Номер замовлення:38
18-08-2021 21:51:15 - Замовлення:38 підтверджене.
18-08-2021 21:52:39 - Підтвердження квитків, id - 930fe168-922c-16ac-1938-ee6e2ca1c585. Номер замовлення:38
18-08-2021 21:52:39 - Помилка підтвердження замовлення: 38
