2021-08-17 05:12:14 - Отримання сеансів по днях, id - 930fe168-922c-16ac-1928-ee6e2ca1c585
2021-08-17 05:12:14 - Строк дії id закінчився
2021-08-17 05:13:16 - Отримання сеансів по днях, id - 930fe168-922c-16ac-1928-ee6e2ca1c585
2021-08-17 05:13:16 - Строк дії id закінчився
2021-08-17 05:13:23 - Отримання сеансів по днях, id - 930fe168-922c-16ac-1928-ee6e2ca1c585
2021-08-17 05:13:23 - Строк дії id закінчився
2021-08-17 05:13:41 - Отримання сеансів по днях, id - 930fe168-922c-16ac-1928-ee6e2ca1c585
2021-08-17 05:13:41 - Строк дії id закінчився
2021-08-17 05:14:23 - Отримання сеансів по днях, id - 930fe168-922c-16ac-1928-ee6e2ca1c585
2021-08-17 05:14:23 - Строк дії id закінчився
2021-08-17 05:15:03 - Отримання сеансів по днях, id - 930fe168-922c-16ac-1928-ee6e2ca1c585
2021-08-17 05:15:03 - Строк дії id закінчився
2021-08-17 05:15:42 - Отримання сеансів по днях, id - 930fe168-922c-16ac-1938-ee6e2ca1c585
2021-08-17 05:15:42 - Перевірка на те що дата введено кореткно.41.08.2021
2021-08-17 05:15:42 - Перевірка на те що дата введено кореткно.31.08.2021
2021-08-17 05:16:08 - Отримання сеансів по днях, id - 930fe168-922c-16ac-1938-ee6e2ca1c585
2021-08-17 05:16:08 - Перевірка на те що дата введено кореткно.41.08.2021
2021-08-17 05:16:08 - Початкова дата не коректна
2021-08-17 05:16:27 - Отримання сеансів по днях, id - 930fe168-922c-16ac-1938-ee6e2ca1c585
2021-08-17 05:16:27 - Перевірка на те що дата введено кореткно.41.08.2021
2021-08-17 05:16:27 - Початкова дата не коректна
2021-08-17 05:16:34 - Отримання сеансів по днях, id - 930fe168-922c-16ac-1938-ee6e2ca1c585
2021-08-17 05:16:34 - Перевірка на те що дата введено кореткно.31.08.2021
2021-08-17 05:16:34 - Перевірка на те що дата введено кореткно.13.08.2021
2021-08-17 05:17:54 - Отримання сеансів по днях, id - 930fe168-922c-16ac-1938-ee6e2ca1c585
2021-08-17 05:17:54 - Перевірка на те що дата введено кореткно.31.08.2021
2021-08-17 05:17:54 - Перевірка на те що дата введено кореткно.13.08.2021
2021-08-17 05:17:54 - Початкова дата не коректна
2021-08-17 05:18:01 - Отримання сеансів по днях, id - 930fe168-922c-16ac-1938-ee6e2ca1c585
2021-08-17 05:18:01 - Перевірка на те що дата введено кореткно.31.08.2021
2021-08-17 05:18:01 - Перевірка на те що дата введено кореткно.31.08.2021
2021-08-17 05:18:12 - Отримання сеансів по днях, id - 930fe168-922c-16ac-1938-ee6e2ca1c585
2021-08-17 05:18:12 - Перевірка на те що дата введено кореткно.31.08.2021
2021-08-17 05:18:12 - Перевірка на те що дата введено кореткно.30.08.2021
2021-08-17 05:18:12 - Початкова дата не коректна
2021-08-17 05:19:31 - Отримання сеансів по днях, id - 930fe168-922c-16ac-1938-ee6e2ca1c585
2021-08-17 05:19:31 - Перевірка на те що дата введено кореткно.31.08.2021
2021-08-17 05:19:31 - Перевірка на те що дата введено кореткно.30.08.2021
2021-08-17 05:19:31 - Дата старта періода(31.08.2021) чи кінця(30.08.2021), не кореткна.
2021-08-17 05:22:29 - Отримання сеансів по днях, id - 930fe168-922c-16ac-1938-ee6e2ca1c585
2021-08-17 05:22:29 - Перевірка на те що дата введено кореткно.31.08.2021
2021-08-17 05:22:29 - Перевірка на те що дата введено кореткно.02.09.2021
2021-08-17 05:22:29 - Дата старта періода(31.08.2021) чи кінця(02.09.2021), не коректна.
2021-08-17 05:22:59 - Отримання сеансів по днях, id - 930fe168-922c-16ac-1938-ee6e2ca1c585
2021-08-17 05:22:59 - Перевірка на те що дата введено кореткно.31.08.2021
2021-08-17 05:22:59 - Перевірка на те що дата введено кореткно.02.09.2021
2021-08-17 05:28:55 - Отримання сеансів по днях, id - 930fe168-922c-16ac-1938-ee6e2ca1c585
2021-08-17 05:28:55 - Перевірка на те що дата введено кореткно.31.08.2021
2021-08-17 05:28:55 - Перевірка на те що дата введено кореткно.02.09.2021
2021-08-17 05:31:49 - Отримання сеансів по днях, id - 930fe168-922c-16ac-1938-ee6e2ca1c585
2021-08-17 05:31:49 - Строк дії id закінчився
2021-08-17 05:33:38 - Отримання сеансів по днях, id - 930fe168-922c-16ac-1938-ee6e2ca1c585
2021-08-17 05:33:38 - Перевірка на те що дата введено кореткно.31.08.2021
2021-08-17 05:33:38 - Перевірка на те що дата введено кореткно.02.09.2021
2021-08-17 05:35:29 - Отримання сеансів по днях, id - 930fe168-922c-16ac-1938-ee6e2ca1c585
2021-08-17 05:35:29 - Перевірка на те що дата введено кореткно.31.08.2021
2021-08-17 05:35:29 - Перевірка на те що дата введено кореткно.02.09.2021
2021-08-17 05:43:20 - Отримання сеансів по днях, id - 930fe168-922c-16ac-1938-ee6e2ca1c585
2021-08-17 05:43:20 - Перевірка на те що дата введено кореткно.31.08.2021
2021-08-17 05:43:20 - Перевірка на те що дата введено кореткно.02.09.2021
2021-08-17 05:43:39 - Отримання сеансів по днях, id - 930fe168-922c-16ac-1938-ee6e2ca1c585
2021-08-17 05:43:39 - Перевірка на те що дата введено кореткно.31.08.2021
2021-08-17 05:43:39 - Перевірка на те що дата введено кореткно.02.09.2021
2021-08-17 05:43:59 - Отримання сеансів по днях, id - 930fe168-922c-16ac-1938-ee6e2ca1c585
2021-08-17 05:43:59 - Перевірка на те що дата введено кореткно.31.08.2021
2021-08-17 05:43:59 - Перевірка на те що дата введено кореткно.02.09.2021
2021-08-17 05:46:10 - Отримання сеансів по днях, id - 930fe168-922c-16ac-1938-ee6e2ca1c585
2021-08-17 05:46:10 - Перевірка на те що дата введено кореткно.31.08.2021
2021-08-17 05:46:10 - Перевірка на те що дата введено кореткно.02.09.2021
2021-08-17 05:46:43 - Отримання сеансів по днях, id - 930fe168-922c-16ac-1938-ee6e2ca1c585
2021-08-17 05:46:43 - Перевірка на те що дата введено кореткно.31.08.2021
2021-08-17 05:46:43 - Перевірка на те що дата введено кореткно.02.09.2021
2021-08-17 05:47:18 - Отримання сеансів по днях, id - 930fe168-922c-16ac-1938-ee6e2ca1c585
2021-08-17 05:47:18 - Перевірка на те що дата введено кореткно.31.08.2021
2021-08-17 05:47:18 - Перевірка на те що дата введено кореткно.02.09.2021
2021-08-17 05:48:13 - Отримання сеансів по днях, id - 930fe168-922c-16ac-1938-ee6e2ca1c585
2021-08-17 05:48:13 - Перевірка на те що дата введено кореткно.31.08.2021
2021-08-17 05:48:13 - Перевірка на те що дата введено кореткно.08.09.2021
2021-08-17 05:48:22 - Отримання сеансів по днях, id - 930fe168-922c-16ac-1938-ee6e2ca1c585
2021-08-17 05:48:22 - Перевірка на те що дата введено кореткно.31.08.2021
2021-08-17 05:48:22 - Перевірка на те що дата введено кореткно.08.08.2021
2021-08-17 05:50:05 - Отримання сеансів по днях, id - 930fe168-922c-16ac-1938-ee6e2ca1c585
2021-08-17 05:50:05 - Перевірка на те що дата введено кореткно.31.08.2021
2021-08-17 05:50:05 - Перевірка на те що дата введено кореткно.08.08.2021
2021-08-17 05:50:21 - Отримання сеансів по днях, id - 930fe168-922c-16ac-1938-ee6e2ca1c585
2021-08-17 05:50:21 - Перевірка на те що дата введено кореткно.31.08.2021
2021-08-17 05:50:21 - Перевірка на те що дата введено кореткно.08.09.2021
2021-08-17 05:50:49 - Отримання сеансів по днях, id - 930fe168-922c-16ac-1938-ee6e2ca1c585
2021-08-17 05:50:49 - Перевірка на те що дата введено кореткно.31.08.2021
2021-08-17 05:50:49 - Перевірка на те що дата введено кореткно.08.09.2021
2021-08-17 05:52:49 - Отримання сеансів по днях, id - 930fe168-922c-16ac-1938-ee6e2ca1c585
2021-08-17 05:52:49 - Перевірка на те що дата введено кореткно.31-08-2021
2021-08-17 05:52:49 - Дата старта періода(31-08-2021) чи кінця(08.09.2021), не коректна.
2021-08-17 05:53:05 - Отримання сеансів по днях, id - 930fe168-922c-16ac-1938-ee6e2ca1c585
2021-08-17 05:53:05 - Перевірка на те що дата введено кореткно.31.08.2021
2021-08-17 05:53:05 - Перевірка на те що дата введено кореткно.08.09.2021
2021-08-17 05:55:17 - Отримання сеансів по днях, id - 930fe168-922c-16ac-1938-ee6e2ca1c585
2021-08-17 05:55:17 - Перевірка на те що дата введено кореткно.31.08.2021
2021-08-17 05:55:17 - Перевірка на те що дата введено кореткно.08.09.2021
2021-08-17 05:55:49 - Отримання сеансів по днях, id - 930fe168-922c-16ac-1938-ee6e2ca1c585
2021-08-17 05:55:49 - Перевірка на те що дата введено кореткно.31.08.2021
2021-08-17 05:55:49 - Перевірка на те що дата введено кореткно.08.09.2021
2021-08-17 05:55:49 - Дата старта періода(31.08.2021) чи кінця(08.09.2021), не коректна.
2021-08-17 05:56:20 - Отримання сеансів по днях, id - 930fe168-922c-16ac-1938-ee6e2ca1c585
2021-08-17 05:56:20 - Перевірка на те що дата введено кореткно.31.08.2021
2021-08-17 05:56:20 - Перевірка на те що дата введено кореткно.08.09.2021
2021-08-17 05:56:20 - Дата старта періода(31.08.2021) чи кінця(08.09.2021), не коректна.
2021-08-17 05:57:29 - Отримання сеансів по днях, id - 930fe168-922c-16ac-1938-ee6e2ca1c585
2021-08-17 05:57:29 - Перевірка на те що дата введено кореткно.31.08.2021
2021-08-17 05:57:29 - Перевірка на те що дата введено кореткно.08.09.2021
2021-08-17 05:57:36 - Отримання сеансів по днях, id - 930fe168-922c-16ac-1938-ee6e2ca1c585
2021-08-17 05:57:36 - Перевірка на те що дата введено кореткно.31.08.2021
2021-08-17 05:57:36 - Перевірка на те що дата введено кореткно.08.08.2021
2021-08-17 05:57:36 - Дата старта періода(31.08.2021) чи кінця(08.08.2021), не коректна.
2021-08-17 05:57:53 - Отримання сеансів по днях, id - 930fe168-922c-16ac-1938-ee6e2ca1c585
2021-08-17 05:57:53 - Перевірка на те що дата введено кореткно.31.08.2021
2021-08-17 05:57:53 - Перевірка на те що дата введено кореткно.08.08.2021
2021-08-17 05:57:53 - Дата старта періода(31.08.2021) чи кінця(08.08.2021), не коректна.
2021-08-17 05:58:00 - Отримання сеансів по днях, id - 930fe168-922c-16ac-1938-ee6e2ca1c585
2021-08-17 05:58:00 - Перевірка на те що дата введено кореткно.31.08.2021
2021-08-17 05:58:00 - Перевірка на те що дата введено кореткно.08.0ф.2021
2021-08-17 05:58:00 - Дата старта періода(31.08.2021) чи кінця(08.0ф.2021), не коректна.
2021-08-17 05:58:11 - Отримання сеансів по днях, id - 930fe168-922c-16ac-1938-ee6e2ca1c585
2021-08-17 05:58:11 - Перевірка на те що дата введено кореткно.31.08.2021
2021-08-17 05:58:11 - Перевірка на те що дата введено кореткно.08-09-2021
2021-08-17 05:58:11 - Дата старта періода(31.08.2021) чи кінця(08-09-2021), не коректна.
2021-08-17 05:58:24 - Отримання сеансів по днях, id - 930fe168-922c-16ac-1938-ee6e2ca1c585
2021-08-17 05:58:24 - Перевірка на те що дата введено кореткно.31.08.2021
2021-08-17 05:58:24 - Перевірка на те що дата введено кореткно.08.09.2021
2021-08-17 06:31:22 - Отримання сеансів по днях, id - 930fe168-922c-16ac-1938-ee6e2ca1c585
2021-08-17 06:31:22 - Перевірка на те що дата введено кореткно.31.08.2021
2021-08-17 06:31:22 - Перевірка на те що дата введено кореткно.31.08.2021
2021-08-17 06:31:22 - Дата старта періода(31.08.2021) чи кінця(31.08.2021), не коректна.
2021-08-17 06:31:46 - Отримання сеансів по днях, id - 930fe168-922c-16ac-1938-ee6e2ca1c585
2021-08-17 06:31:46 - Перевірка на те що дата введено кореткно.31.08.2021
2021-08-17 06:31:46 - Перевірка на те що дата введено кореткно.31.08.2021
2021-08-17 06:32:41 - Отримання сеансів по днях, id - 930fe168-922c-16ac-1938-ee6e2ca1c585
2021-08-17 06:32:41 - Перевірка на те що дата введено кореткно.31.08.2021
2021-08-17 06:32:41 - Перевірка на те що дата введено кореткно.01.09.2021
2021-08-17 06:33:24 - Отримання сеансів по днях, id - 930fe168-922c-16ac-1938-ee6e2ca1c585
2021-08-17 06:33:24 - Перевірка на те що дата введено кореткно.31.08.2021
2021-08-17 06:33:24 - Перевірка на те що дата введено кореткно.01.09.2021
2021-08-17 06:33:51 - Отримання сеансів по днях, id - 930fe168-922c-16ac-1938-ee6e2ca1c585
2021-08-17 06:33:51 - Перевірка на те що дата введено кореткно.31.08.2021
2021-08-17 06:33:51 - Перевірка на те що дата введено кореткно.01.09.2021
2021-08-17 06:34:07 - Отримання сеансів по днях, id - 930fe168-922c-16ac-1938-ee6e2ca1c585
2021-08-17 06:34:07 - Перевірка на те що дата введено кореткно.31.08.2021
2021-08-17 06:34:07 - Перевірка на те що дата введено кореткно.01.09.2021
2021-08-17 06:34:23 - Отримання сеансів по днях, id - 930fe168-922c-16ac-1938-ee6e2ca1c585
2021-08-17 06:34:23 - Перевірка на те що дата введено кореткно.31.08.2021
2021-08-17 06:34:23 - Перевірка на те що дата введено кореткно.01.09.2021
2021-08-17 06:34:52 - Отримання сеансів по днях, id - 930fe168-922c-16ac-1938-ee6e2ca1c585
2021-08-17 06:34:52 - Перевірка на те що дата введено кореткно.31.08.2021
2021-08-17 06:34:52 - Перевірка на те що дата введено кореткно.01.09.2021
2021-08-17 06:35:15 - Отримання сеансів по днях, id - 930fe168-922c-16ac-1938-ee6e2ca1c585
2021-08-17 06:35:15 - Перевірка на те що дата введено кореткно.31.08.2021
2021-08-17 06:35:15 - Перевірка на те що дата введено кореткно.01.09.2021
2021-08-17 06:36:37 - Отримання сеансів по днях, id - 930fe168-922c-16ac-1938-ee6e2ca1c585
2021-08-17 06:36:37 - Перевірка на те що дата введено кореткно.31.08.2021
2021-08-17 06:36:37 - Перевірка на те що дата введено кореткно.01.09.2021
2021-08-17 06:44:07 - Отримання сеансів по днях, id - 930fe168-922c-16ac-1938-ee6e2ca1c585
2021-08-17 06:44:41 - Строк дії id закінчився
2021-08-17 06:48:30 - Отримання сеансів по днях, id - 930fe168-922c-16ac-1938-ee6e2ca1c585
2021-08-17 06:48:30 - Строк дії id закінчився
2021-08-17 06:48:45 - Отримання сеансів по днях, id - 930fe168-922c-16ac-1938-ee6e2ca1c585
2021-08-17 06:49:06 - Отримання сеансів по днях, id - 930fe168-922c-16ac-1938-ee6e2ca1c585
2021-08-17 06:49:28 - Отримання сеансів по днях, id - 930fe168-922c-16ac-1938-ee6e2ca1c585
2021-08-17 06:49:28 - Перевірка на те що дата введено кореткно.31.08.2021
2021-08-17 06:49:28 - Перевірка на те що дата введено кореткно.01.09.2021
2021-08-17 06:49:30 - Отримання сеансів по днях, id - 930fe168-922c-16ac-1938-ee6e2ca1c585
2021-08-17 06:49:30 - Перевірка на те що дата введено кореткно.31.08.2021
2021-08-17 06:49:30 - Перевірка на те що дата введено кореткно.01.09.2021
2021-08-17 06:49:50 - Отримання сеансів по днях, id - 930fe168-922c-16ac-1938-ee6e2ca1c585
2021-08-17 06:49:50 - Перевірка на те що дата введено кореткно.31.08.2021
2021-08-17 06:49:50 - Перевірка на те що дата введено кореткно.01.09.2021
2021-08-17 06:53:07 - Отримання сеансів по днях, id - 930fe168-922c-16ac-1938-ee6e2ca1c585
2021-08-17 06:53:39 - Строк дії id закінчився
2021-08-17 06:56:36 - Отримання сеансів по днях, id - 930fe168-922c-16ac-1938-ee6e2ca1c585
2021-08-17 06:56:36 - Строк дії id закінчився
2021-08-17 06:57:03 - Отримання сеансів по днях, id - 930fe168-922c-16ac-1938-ee6e2ca1c585
2021-08-17 06:57:03 - Строк дії id закінчився
2021-08-17 06:57:39 - Отримання сеансів по днях, id - 930fe168-922c-16ac-1938-ee6e2ca1c585
2021-08-17 06:57:39 - Строк дії id закінчився
2021-08-17 06:58:15 - Отримання сеансів по днях, id - 930fe168-922c-16ac-1938-ee6e2ca1c585
2021-08-17 06:58:15 - Перевірка на те що дата введено кореткно.31.08.2021
2021-08-17 06:58:15 - Перевірка на те що дата введено кореткно.01.09.2021
2021-08-17 06:59:44 - Отримання сеансів по днях, id - 930fe168-922c-16ac-1938-ee6e2ca1c585
2021-08-17 06:59:44 - Перевірка на те що дата введено кореткно.31.08.2021
2021-08-17 06:59:44 - Перевірка на те що дата введено кореткно.01.09.2021
2021-08-17 07:01:40 - Отримання сеансів по днях, id - 930fe168-922c-16ac-1938-ee6e2ca1c585
2021-08-17 07:01:40 - Перевірка на те що дата введено кореткно.31.08.2021
2021-08-17 07:01:40 - Перевірка на те що дата введено кореткно.01.09.2021
2021-08-17 07:02:46 - Отримання сеансів по днях, id - 930fe168-922c-16ac-1938-ee6e2ca1c585
2021-08-17 07:02:46 - Строк дії id закінчився
2021-08-17 07:03:31 - Отримання сеансів по днях, id - 930fe168-922c-16ac-1938-ee6e2ca1c585
2021-08-17 07:03:31 - Строк дії id закінчився
2021-08-17 07:04:46 - Отримання сеансів по днях, id - 930fe168-922c-16ac-1938-ee6e2ca1c585
2021-08-17 07:04:46 - Строк дії id закінчився
2021-08-17 07:05:27 - Отримання сеансів по днях, id - 930fe168-922c-16ac-1938-ee6e2ca1c585
2021-08-17 07:05:27 - Строк дії id закінчився
2021-08-17 07:06:57 - Отримання сеансів по днях, id - 930fe168-922c-16ac-1938-ee6e2ca1c585
2021-08-17 07:06:57 - Строк дії id закінчився
2021-08-17 07:08:27 - Отримання сеансів по днях, id - 930fe168-922c-16ac-1938-ee6e2ca1c585
2021-08-17 07:08:27 - Перевірка на те що дата введено кореткно.31.08.2021
2021-08-17 07:08:27 - Перевірка на те що дата введено кореткно.01.09.2021
2021-08-17 07:08:56 - Отримання сеансів по днях, id - 930fe168-922c-16ac-1938-ee6e2ca1c585
2021-08-17 07:08:56 - Перевірка на те що дата введено кореткно.31.08.2021
2021-08-17 07:08:56 - Перевірка на те що дата введено кореткно.01.09.2021
2021-08-17 08:01:48 - Отримання сеансів по днях, id - 930fe168-922c-16ac-1938-ee6e2ca1c585
2021-08-17 08:01:48 - Перевірка на те що дата введено кореткно.31.08.2021
2021-08-17 08:01:48 - Перевірка на те що дата введено кореткно.01.09.2021
2021-08-17 08:02:34 - Отримання сеансів по днях, id - 930fe168-922c-16ac-1938-ee6e2ca1c585
2021-08-17 08:02:34 - Перевірка на те що дата введено кореткно.31.08.2021
2021-08-17 08:02:34 - Перевірка на те що дата введено кореткно.01.09.2021
2021-08-17 08:12:47 - Отримання сеансів по днях, id - 930fe168-922c-16ac-1938-ee6e2ca1c585
2021-08-17 08:12:47 - Перевірка на те що дата введено кореткно.31.08.2021
2021-08-17 08:12:47 - Перевірка на те що дата введено кореткно.01.09.2021
2021-08-17 08:17:18 - Отримання сеансів по днях, id - 930fe168-922c-16ac-1938-ee6e2ca1c585
2021-08-17 08:17:18 - Перевірка на те що дата введено кореткно.31.08.2021
2021-08-17 08:17:18 - Перевірка на те що дата введено кореткно.01.09.2021
2021-08-17 08:17:52 - Отримання сеансів по днях, id - 930fe168-922c-16ac-1938-ee6e2ca1c585
2021-08-17 08:17:52 - Перевірка на те що дата введено кореткно.31.08.2021
2021-08-17 08:17:52 - Перевірка на те що дата введено кореткно.01.09.2021
2021-08-17 08:20:15 - Отримання сеансів по днях, id - 930fe168-922c-16ac-1938-ee6e2ca1c585
2021-08-17 08:20:15 - Перевірка на те що дата введено кореткно.31.08.2021
2021-08-17 08:20:15 - Перевірка на те що дата введено кореткно.01.09.2021
2021-08-17 08:20:46 - Отримання сеансів по днях, id - 930fe168-922c-16ac-1938-ee6e2ca1c585
2021-08-17 08:20:46 - Перевірка на те що дата введено кореткно.31.08.2021
2021-08-17 08:20:46 - Перевірка на те що дата введено кореткно.01.09.2021
2021-08-17 10:55:47 - Отримання сеансів по днях, id - 930fe168-922c-16ac-1938-ee6e2ca1c585
2021-08-17 10:55:47 - Строк дії id закінчився
2021-08-17 10:56:05 - Отримання сеансів по днях, id - 930fe168-922c-16ac-1938-ee6e2ca1c585
2021-08-17 10:56:05 - Перевірка на те що дата введено кореткно.31.08.2021
2021-08-17 10:56:05 - Перевірка на те що дата введено кореткно.01.09.2021
2021-08-17 11:00:43 - Отримання сеансів по днях, id - 930fe168-922c-16ac-1938-ee6e2ca1c585
2021-08-17 11:00:43 - Перевірка на те що дата введено кореткно.31.08.2021
2021-08-17 11:00:43 - Перевірка на те що дата введено кореткно.01.09.2021
2021-08-17 11:01:30 - Отримання сеансів по днях, id - 930fe168-922c-16ac-1938-ee6e2ca1c585
2021-08-17 11:01:30 - Перевірка на те що дата введено кореткно.31.08.2021
2021-08-17 11:01:30 - Перевірка на те що дата введено кореткно.01.09.2021
2021-08-17 11:03:09 - Отримання сеансів по днях, id - 930fe168-922c-16ac-1938-ee6e2ca1c585
2021-08-17 11:03:09 - Перевірка на те що дата введено кореткно.31.08.2021
2021-08-17 11:03:09 - Перевірка на те що дата введено кореткно.01.09.2021
2021-08-17 11:06:57 - Отримання сеансів по днях, id - 930fe168-922c-16ac-1938-ee6e2ca1c585
2021-08-17 11:06:57 - Перевірка на те що дата введено кореткно.31.08.2021
2021-08-17 11:06:57 - Перевірка на те що дата введено кореткно.01.09.2021
2021-08-17 11:08:31 - Отримання сеансів по днях, id - 930fe168-922c-16ac-1938-ee6e2ca1c585
2021-08-17 11:08:31 - Перевірка на те що дата введено кореткно.31.08.2021
2021-08-17 11:08:31 - Перевірка на те що дата введено кореткно.01.09.2021
2021-08-17 11:08:49 - Отримання сеансів по днях, id - 930fe168-922c-16ac-1938-ee6e2ca1c585
2021-08-17 11:08:49 - Перевірка на те що дата введено кореткно.31.08.2021
2021-08-17 11:08:49 - Перевірка на те що дата введено кореткно.01.09.2021
2021-08-17 11:10:07 - Отримання сеансів по днях, id - 930fe168-922c-16ac-1938-ee6e2ca1c585
2021-08-17 11:10:07 - Перевірка на те що дата введено кореткно.31.08.2021
2021-08-17 11:10:07 - Перевірка на те що дата введено кореткно.01.09.2021
2021-08-17 11:14:29 - Отримання сеансів по днях, id - 930fe168-922c-16ac-1938-ee6e2ca1c585
2021-08-17 11:14:29 - Перевірка на те що дата введено кореткно.31.08.2021
2021-08-17 11:14:29 - Перевірка на те що дата введено кореткно.01.09.2021
2021-08-17 11:16:29 - Отримання сеансів по днях, id - 930fe168-922c-16ac-1938-ee6e2ca1c585
2021-08-17 11:16:29 - Перевірка на те що дата введено кореткно.31.08.2021
2021-08-17 11:16:29 - Перевірка на те що дата введено кореткно.01.09.2021
2021-08-17 11:20:31 - Отримання сеансів по днях, id - 930fe168-922c-16ac-1938-ee6e2ca1c585
2021-08-17 11:20:31 - Перевірка на те що дата введено кореткно.31.08.2021
2021-08-17 11:20:31 - Перевірка на те що дата введено кореткно.01.09.2021
2021-08-17 11:21:20 - Отримання сеансів по днях, id - 930fe168-922c-16ac-1938-ee6e2ca1c585
2021-08-17 11:21:20 - Перевірка на те що дата введено кореткно.31.08.2021
2021-08-17 11:21:20 - Перевірка на те що дата введено кореткно.01.09.2021
2021-08-17 11:23:15 - Отримання сеансів по днях, id - 930fe168-922c-16ac-1938-ee6e2ca1c585
2021-08-17 11:23:15 - Перевірка на те що дата введено кореткно.31.08.2021
2021-08-17 11:23:15 - Перевірка на те що дата введено кореткно.01.09.2021
2021-08-17 11:25:31 - Отримання сеансів по днях, id - 930fe168-922c-16ac-1938-ee6e2ca1c585
2021-08-17 11:25:31 - Перевірка на те що дата введено кореткно.31.08.2021
2021-08-17 11:25:31 - Перевірка на те що дата введено кореткно.01.09.2021
2021-08-17 11:25:45 - Отримання сеансів по днях, id - 930fe168-922c-16ac-1938-ee6e2ca1c585
2021-08-17 11:25:45 - Перевірка на те що дата введено кореткно.31.08.2021
2021-08-17 11:25:45 - Перевірка на те що дата введено кореткно.01.09.2021
2021-08-17 11:26:28 - Отримання сеансів по днях, id - 930fe168-922c-16ac-1938-ee6e2ca1c585
2021-08-17 11:26:28 - Перевірка на те що дата введено кореткно.31.08.2021
2021-08-17 11:26:28 - Перевірка на те що дата введено кореткно.01.09.2021
2021-08-17 11:27:07 - Отримання сеансів по днях, id - 930fe168-922c-16ac-1938-ee6e2ca1c585
2021-08-17 11:27:07 - Перевірка на те що дата введено кореткно.31.08.2021
2021-08-17 11:27:07 - Перевірка на те що дата введено кореткно.01.09.2021
2021-08-17 11:27:19 - Отримання сеансів по днях, id - 930fe168-922c-16ac-1938-ee6e2ca1c585
2021-08-17 11:27:19 - Перевірка на те що дата введено кореткно.31.08.2021
2021-08-17 11:27:19 - Перевірка на те що дата введено кореткно.02.09.2021
2021-08-17 11:28:50 - Отримання сеансів по днях, id - 930fe168-922c-16ac-1938-ee6e2ca1c585
2021-08-17 11:28:50 - Перевірка на те що дата введено кореткно.31.08.2021
2021-08-17 11:28:50 - Перевірка на те що дата введено кореткно.02.09.2021
2021-08-17 11:30:38 - Отримання сеансів по днях, id - 930fe168-922c-16ac-1938-ee6e2ca1c585
2021-08-17 11:30:38 - Перевірка на те що дата введено кореткно.31.08.2021
2021-08-17 11:30:38 - Перевірка на те що дата введено кореткно.02.09.2021
2021-08-17 11:31:14 - Отримання сеансів по днях, id - 930fe168-922c-16ac-1938-ee6e2ca1c585
2021-08-17 11:31:14 - Перевірка на те що дата введено кореткно.31.08.2021
2021-08-17 11:31:14 - Перевірка на те що дата введено кореткно.01.09.2021
2021-08-17 11:31:34 - Отримання сеансів по днях, id - 930fe168-922c-16ac-1938-ee6e2ca1c585
2021-08-17 11:31:34 - Перевірка на те що дата введено кореткно.31.08.2021
2021-08-17 11:31:34 - Перевірка на те що дата введено кореткно.31.08.2021
2021-08-17 11:31:55 - Отримання сеансів по днях, id - 930fe168-922c-16ac-1938-ee6e2ca1c585
2021-08-17 11:31:55 - Перевірка на те що дата введено кореткно.31.08.2021
2021-08-17 11:31:55 - Перевірка на те що дата введено кореткно.31.08.2021
2021-08-17 11:37:33 - Отримання сеансів по днях, id - 930fe168-922c-16ac-1938-ee6e2ca1c585
2021-08-17 11:37:33 - Перевірка на те що дата введено кореткно.31.08.2021
2021-08-17 11:37:33 - Перевірка на те що дата введено кореткно.31.08.2021
2021-08-17 11:37:58 - Отримання сеансів по днях, id - 930fe168-922c-16ac-1938-ee6e2ca1c585
2021-08-17 11:37:58 - Перевірка на те що дата введено кореткно.31.08.2021
2021-08-17 11:37:58 - Перевірка на те що дата введено кореткно.31.08.2021
2021-08-17 11:41:35 - Отримання сеансів по днях, id - 930fe168-922c-16ac-1938-ee6e2ca1c585
2021-08-17 11:41:35 - Перевірка на те що дата введено кореткно.31.08.2021
2021-08-17 11:41:35 - Перевірка на те що дата введено кореткно.31.08.2021
2021-08-17 11:42:17 - Отримання сеансів по днях, id - 930fe168-922c-16ac-1938-ee6e2ca1c585
2021-08-17 11:42:17 - Перевірка на те що дата введено кореткно.31.08.2021
2021-08-17 11:42:17 - Перевірка на те що дата введено кореткно.31.08.2021
2021-08-17 11:44:17 - Отримання сеансів по днях, id - 930fe168-922c-16ac-1938-ee6e2ca1c585
2021-08-17 11:44:17 - Перевірка на те що дата введено кореткно.31.08.2021
2021-08-17 11:44:17 - Перевірка на те що дата введено кореткно.31.08.2021
2021-08-17 11:44:47 - Отримання сеансів по днях, id - 930fe168-922c-16ac-1938-ee6e2ca1c585
2021-08-17 11:44:47 - Перевірка на те що дата введено кореткно.31.08.2021
2021-08-17 11:44:47 - Перевірка на те що дата введено кореткно.31.08.2021
2021-08-17 11:45:47 - Отримання сеансів по днях, id - 930fe168-922c-16ac-1938-ee6e2ca1c585
2021-08-17 11:45:47 - Перевірка на те що дата введено кореткно.31.08.2021
2021-08-17 11:45:47 - Перевірка на те що дата введено кореткно.31.08.2021
2021-08-17 11:46:12 - Отримання сеансів по днях, id - 930fe168-922c-16ac-1938-ee6e2ca1c585
2021-08-17 11:46:12 - Перевірка на те що дата введено кореткно.31.08.2021
2021-08-17 11:46:12 - Перевірка на те що дата введено кореткно.31.08.2021
2021-08-17 11:46:22 - Отримання сеансів по днях, id - 930fe168-922c-16ac-1938-ee6e2ca1c585
2021-08-17 11:46:22 - Перевірка на те що дата введено кореткно.31.08.2021
2021-08-17 11:46:22 - Перевірка на те що дата введено кореткно.31.08.2021
2021-08-17 11:47:16 - Отримання сеансів по днях, id - 930fe168-922c-16ac-1938-ee6e2ca1c585
2021-08-17 11:47:16 - Перевірка на те що дата введено кореткно.31.08.2021
2021-08-17 11:47:16 - Перевірка на те що дата введено кореткно.31.08.2021
2021-08-17 11:48:33 - Отримання сеансів по днях, id - 930fe168-922c-16ac-1938-ee6e2ca1c585
2021-08-17 11:48:33 - Перевірка на те що дата введено кореткно.31.08.2021
2021-08-17 11:48:33 - Перевірка на те що дата введено кореткно.31.08.2021
2021-08-17 11:52:53 - Отримання сеансів по днях, id - 930fe168-922c-16ac-1938-ee6e2ca1c585
2021-08-17 11:52:53 - Перевірка на те що дата введено кореткно.31.08.2021
2021-08-17 11:52:53 - Перевірка на те що дата введено кореткно.31.08.2021
2021-08-17 11:53:19 - Отримання сеансів по днях, id - 930fe168-922c-16ac-1938-ee6e2ca1c585
2021-08-17 11:53:19 - Перевірка на те що дата введено кореткно.31.08.2021
2021-08-17 11:53:19 - Перевірка на те що дата введено кореткно.31.08.2021
2021-08-17 11:54:46 - Отримання сеансів по днях, id - 930fe168-922c-16ac-1938-ee6e2ca1c585
2021-08-17 11:54:46 - Перевірка на те що дата введено кореткно.31.08.2021
2021-08-17 11:54:46 - Перевірка на те що дата введено кореткно.01.09.2021
2021-08-17 12:18:28 - Отримання сеансів по днях, id - 930fe168-922c-16ac-1938-ee6e2ca1c585
2021-08-17 12:18:28 - Перевірка на те що дата введено кореткно.31.08.2021
2021-08-17 12:18:28 - Перевірка на те що дата введено кореткно.01.09.2021
2021-08-17 12:18:45 - Отримання сеансів по днях, id - 930fe168-922c-16ac-1938-ee6e2ca1c585
2021-08-17 12:18:45 - Перевірка на те що дата введено кореткно.31.08.2021
2021-08-17 12:18:45 - Перевірка на те що дата введено кореткно.01.09.2021
2021-08-17 12:19:09 - Отримання сеансів по днях, id - 930fe168-922c-16ac-1938-ee6e2ca1c585
2021-08-17 12:19:09 - Перевірка на те що дата введено кореткно.31.08.2021
2021-08-17 12:19:09 - Перевірка на те що дата введено кореткно.01.09.2021
2021-08-17 12:19:52 - Отримання сеансів по днях, id - 930fe168-922c-16ac-1938-ee6e2ca1c585
2021-08-17 12:19:52 - Перевірка на те що дата введено кореткно.31.08.2021
2021-08-17 12:19:52 - Перевірка на те що дата введено кореткно.01.09.2021
2021-08-17 12:24:25 - Отримання сеансів по днях, id - 930fe168-922c-16ac-1938-ee6e2ca1c585
2021-08-17 12:24:25 - Перевірка на те що дата введено кореткно.31.08.2021
2021-08-17 12:24:25 - Перевірка на те що дата введено кореткно.01.09.2021
2021-08-17 12:25:37 - Отримання сеансів по днях, id - 930fe168-922c-16ac-1938-ee6e2ca1c585
2021-08-17 12:25:37 - Перевірка на те що дата введено кореткно.31.08.2021
2021-08-17 12:25:37 - Перевірка на те що дата введено кореткно.01.09.2021
2021-08-17 14:22:22 - Отримання сеансів по днях, id - 930fe168-922c-16ac-1938-ee6e2ca1c585
2021-08-17 14:22:22 - Строк дії id закінчився
2021-08-17 14:23:21 - Отримання сеансів по днях, id - 930fe168-922c-16ac-1938-ee6e2ca1c585
2021-08-17 14:23:21 - Перевірка на те що дата введено кореткно.31.08.2021
2021-08-17 14:23:21 - Перевірка на те що дата введено кореткно.01.09.2021
2021-08-17 14:24:51 - Отримання сеансів по днях, id - 930fe168-922c-16ac-1938-ee6e2ca1c585
2021-08-17 14:24:51 - Перевірка на те що дата введено кореткно.31.08.2021
2021-08-17 14:24:51 - Перевірка на те що дата введено кореткно.01.09.2021
2021-08-17 14:25:12 - Отримання сеансів по днях, id - 930fe168-922c-16ac-1938-ee6e2ca1c585
2021-08-17 14:25:12 - Перевірка на те що дата введено кореткно.31.08.2021
2021-08-17 14:25:12 - Перевірка на те що дата введено кореткно.01.09.2021
2021-08-17 14:25:48 - Отримання сеансів по днях, id - 930fe168-922c-16ac-1938-ee6e2ca1c585
2021-08-17 14:25:48 - Перевірка на те що дата введено кореткно.31.08.2021
2021-08-17 14:25:48 - Перевірка на те що дата введено кореткно.01.09.2021
2021-08-17 17:46:34 - Отримання сеансів по днях, id - 930fe168-922c-16ac-1938-ee6e2ca1c585
2021-08-17 17:46:34 - Строк дії id закінчився
2021-08-17 17:47:03 - Отримання сеансів по днях, id - 930fe168-922c-16ac-1938-ee6e2ca1c585
2021-08-17 17:47:03 - Перевірка на те що дата введено кореткно.31.08.2021
2021-08-17 17:47:03 - Перевірка на те що дата введено кореткно.01.09.2021
2021-08-17 17:47:03 - Передача сеансів по датах.
2021-08-17 17:47:25 - Отримання сеансів по днях, id - 930fe168-922c-16ac-1938-ee6e2ca1c585
2021-08-17 17:47:25 - Перевірка на те що дата введено кореткно.31.08.2021
2021-08-17 17:47:25 - Перевірка на те що дата введено кореткно.31.08.2021
2021-08-17 17:47:25 - Передача сеансів по датах.
2021-08-17 17:50:07 - Отримання сеансів по днях, id - 930fe168-922c-16ac-1938-ee6e2ca1c585
2021-08-17 17:50:07 - Перевірка на те що дата введено кореткно.31.08.2021
2021-08-17 17:50:07 - Перевірка на те що дата введено кореткно.31.08.2021
2021-08-17 17:50:35 - Отримання сеансів по днях, id - 930fe168-922c-16ac-1938-ee6e2ca1c585
2021-08-17 17:50:35 - Перевірка на те що дата введено кореткно.31.08.2021
2021-08-17 17:50:35 - Перевірка на те що дата введено кореткно.31.08.2021
2021-08-17 17:51:50 - Отримання сеансів по днях, id - 930fe168-922c-16ac-1938-ee6e2ca1c585
2021-08-17 17:51:50 - Перевірка на те що дата введено кореткно.31.08.2021
2021-08-17 17:51:50 - Перевірка на те що дата введено кореткно.31.08.2021
2021-08-17 17:52:06 - Отримання сеансів по днях, id - 930fe168-922c-16ac-1938-ee6e2ca1c585
2021-08-17 17:52:06 - Перевірка на те що дата введено кореткно.31.08.2021
2021-08-17 17:52:06 - Перевірка на те що дата введено кореткно.31.08.2021
2021-08-17 17:52:24 - Отримання сеансів по днях, id - 930fe168-922c-16ac-1938-ee6e2ca1c585
2021-08-17 17:52:24 - Перевірка на те що дата введено кореткно.31.08.2021
2021-08-17 17:52:24 - Перевірка на те що дата введено кореткно.31.08.2021
2021-08-17 17:52:58 - Отримання сеансів по днях, id - 930fe168-922c-16ac-1938-ee6e2ca1c585
2021-08-17 17:52:58 - Перевірка на те що дата введено кореткно.31.08.2021
2021-08-17 17:52:58 - Перевірка на те що дата введено кореткно.31.08.2021
2021-08-17 17:53:40 - Отримання сеансів по днях, id - 930fe168-922c-16ac-1938-ee6e2ca1c585
2021-08-17 17:53:40 - Перевірка на те що дата введено кореткно.31.08.2021
2021-08-17 17:53:40 - Перевірка на те що дата введено кореткно.31.08.2021
2021-08-17 17:53:40 - Передача сеансів по датах.
2021-08-17 17:53:58 - Отримання сеансів по днях, id - 930fe168-922c-16ac-1938-ee6e2ca1c585
2021-08-17 17:53:58 - Перевірка на те що дата введено кореткно.31.08.2021
2021-08-17 17:53:58 - Перевірка на те що дата введено кореткно.31.08.2021
2021-08-17 17:53:58 - Передача сеансів по датах.
2021-08-17 17:59:37 - Отримання сеансів по днях, id - 930fe168-922c-16ac-1938-ee6e2ca1c585
2021-08-17 17:59:37 - Перевірка на те що дата введено кореткно.31.08.2021
2021-08-17 17:59:37 - Перевірка на те що дата введено кореткно.31.08.2021
2021-08-17 17:59:37 - Передача сеансів по датах.
2021-08-17 18:02:27 - Отримання сеансів по днях, id - 930fe168-922c-16ac-1938-ee6e2ca1c585
2021-08-17 18:02:27 - Перевірка на те що дата введено кореткно.31.08.2021
2021-08-17 18:02:27 - Перевірка на те що дата введено кореткно.31.08.2021
2021-08-17 18:02:27 - Передача сеансів по датах.
2021-08-17 18:02:54 - Отримання сеансів по днях, id - 930fe168-922c-16ac-1938-ee6e2ca1c585
2021-08-17 18:02:54 - Перевірка на те що дата введено кореткно.31.08.2021
2021-08-17 18:02:54 - Перевірка на те що дата введено кореткно.31.08.2021
2021-08-17 18:02:54 - Передача сеансів по датах.
2021-08-17 18:05:35 - Отримання сеансів по днях, id - 930fe168-922c-16ac-1938-ee6e2ca1c585
2021-08-17 18:05:35 - Перевірка на те що дата введено кореткно.31.08.2021
2021-08-17 18:05:35 - Перевірка на те що дата введено кореткно.31.08.2021
2021-08-17 18:05:35 - Передача сеансів по датах.
2021-08-17 18:25:45 - Отримання сеансів по днях, id - 930fe168-922c-16ac-1938-ee6e2ca1c585
2021-08-17 18:25:45 - Перевірка на те що дата введено кореткно.31.08.2021
2021-08-17 18:25:45 - Перевірка на те що дата введено кореткно.31.08.2021
2021-08-17 18:25:45 - Передача сеансів по датах.
2021-08-17 18:27:02 - Отримання сеансів по днях, id - 930fe168-922c-16ac-1938-ee6e2ca1c585
2021-08-17 18:27:02 - Перевірка на те що дата введено кореткно.31.08.2021
2021-08-17 18:27:02 - Перевірка на те що дата введено кореткно.31.08.2021
2021-08-17 18:27:02 - Передача сеансів по датах.
2021-08-17 18:27:38 - Отримання сеансів по днях, id - 930fe168-922c-16ac-1938-ee6e2ca1c585
2021-08-17 18:27:38 - Перевірка на те що дата введено кореткно.31.08.2021
2021-08-17 18:27:38 - Перевірка на те що дата введено кореткно.31.08.2021
2021-08-17 18:27:38 - Передача сеансів по датах.
2021-08-17 18:27:54 - Отримання сеансів по днях, id - 930fe168-922c-16ac-1938-ee6e2ca1c585
2021-08-17 18:27:54 - Перевірка на те що дата введено кореткно.31.08.2021
2021-08-17 18:27:54 - Перевірка на те що дата введено кореткно.31.08.2021
2021-08-17 18:27:54 - Передача сеансів по датах.
2021-08-17 18:28:56 - Отримання сеансів по днях, id - 930fe168-922c-16ac-1938-ee6e2ca1c585
2021-08-17 18:28:56 - Перевірка на те що дата введено кореткно.31.08.2021
2021-08-17 18:28:56 - Перевірка на те що дата введено кореткно.31.08.2021
2021-08-17 18:28:56 - Передача сеансів по датах.
2021-08-17 18:31:37 - Отримання сеансів по днях, id - 930fe168-922c-16ac-1938-ee6e2ca1c585
2021-08-17 18:31:37 - Перевірка на те що дата введено кореткно.31.08.2021
2021-08-17 18:31:37 - Перевірка на те що дата введено кореткно.31.08.2021
2021-08-17 18:31:37 - Передача сеансів по датах.
2021-08-17 18:36:34 - Отримання сеансів по днях, id - 930fe168-922c-16ac-1938-ee6e2ca1c585
2021-08-17 18:36:34 - Перевірка на те що дата введено кореткно.31.08.2021
2021-08-17 18:36:34 - Перевірка на те що дата введено кореткно.31.08.2021
2021-08-17 18:36:34 - Передача сеансів по датах.
2021-08-17 18:37:05 - Отримання сеансів по днях, id - 930fe168-922c-16ac-1938-ee6e2ca1c585
2021-08-17 18:37:05 - Перевірка на те що дата введено кореткно.31.08.2021
2021-08-17 18:37:05 - Перевірка на те що дата введено кореткно.31.08.2021
2021-08-17 18:37:05 - Передача сеансів по датах.
2021-08-17 18:37:13 - Отримання сеансів по днях, id - 930fe168-922c-16ac-1938-ee6e2ca1c585
2021-08-17 18:37:13 - Перевірка на те що дата введено кореткно.31.08.2021
2021-08-17 18:37:13 - Перевірка на те що дата введено кореткно.31.08.2021
2021-08-17 18:37:13 - Передача сеансів по датах.
2021-08-17 18:49:30 - Отримання сеансів по днях, id - 930fe168-922c-16ac-1938-ee6e2ca1c585
2021-08-17 18:49:30 - Перевірка на те що дата введено кореткно.31.08.2021
2021-08-17 18:49:30 - Перевірка на те що дата введено кореткно.31.08.2021
2021-08-17 18:49:30 - Передача сеансів по датах.
2021-08-17 18:52:09 - Отримання сеансів по днях, id - 930fe168-922c-16ac-1938-ee6e2ca1c585
2021-08-17 18:52:09 - Перевірка на те що дата введено кореткно.31.08.2021
2021-08-17 18:52:09 - Перевірка на те що дата введено кореткно.31.08.2021
2021-08-17 18:52:09 - Передача сеансів по датах.
2021-08-17 18:52:38 - Отримання сеансів по днях, id - 930fe168-922c-16ac-1938-ee6e2ca1c585
2021-08-17 18:52:38 - Перевірка на те що дата введено кореткно.31.08.2021
2021-08-17 18:52:38 - Перевірка на те що дата введено кореткно.31.08.2021
2021-08-17 18:52:38 - Передача сеансів по датах.
2021-08-17 18:53:35 - Отримання сеансів по днях, id - 930fe168-922c-16ac-1938-ee6e2ca1c585
2021-08-17 18:53:35 - Перевірка на те що дата введено кореткно.31.08.2021
2021-08-17 18:53:35 - Перевірка на те що дата введено кореткно.31.08.2021
2021-08-17 18:53:35 - Передача сеансів по датах.
2021-08-17 18:56:35 - Отримання сеансів по днях, id - 930fe168-922c-16ac-1938-ee6e2ca1c585
2021-08-17 18:56:35 - Перевірка на те що дата введено кореткно.31.08.2021
2021-08-17 18:56:35 - Перевірка на те що дата введено кореткно.01.09.2021
2021-08-17 18:56:35 - Передача сеансів по датах.
2021-08-17 19:21:44 - Отримання Квитків по сеансах, id - 930fe168-922c-16ac-1938-ee6e2ca1c585
2021-08-17 19:21:44 - Перевірка на те що дата введено кореткно.31.08.2021
2021-08-17 19:21:44 - Номер сесії: 2, не коректний.
2021-08-17 19:23:11 - Отримання Квитків по сеансах, id - 930fe168-922c-16ac-1938-ee6e2ca1c585
2021-08-17 19:23:11 - Перевірка на те що дата введено кореткно.31.08.2021
2021-08-17 19:23:11 - Номер сесії: 2, не коректний.
2021-08-17 19:24:25 - Отримання Квитків по сеансах, id - 930fe168-922c-16ac-1938-ee6e2ca1c585
2021-08-17 19:24:25 - Перевірка на те що дата введено кореткно.31.08.2021
2021-08-17 19:24:25 - Номер сесії: 2, не коректний.
2021-08-17 19:24:54 - Отримання Квитків по сеансах, id - 930fe168-922c-16ac-1938-ee6e2ca1c585
2021-08-17 19:24:54 - Перевірка на те що дата введено кореткно.31.08.2021
2021-08-17 19:24:54 - Передача квитків по сеансах.
2021-08-17 19:25:01 - Отримання Квитків по сеансах, id - 
2021-08-17 19:25:01 - Порожній ID
2021-08-17 19:25:33 - Отримання Квитків по сеансах, id - 930fe168-922c-16ac-1938-ee6e2ca1c585
2021-08-17 19:25:33 - Перевірка на те що дата введено кореткно.31.08.2021
2021-08-17 19:25:33 - Номер сесії: 2a, не коректний.
2021-08-17 19:25:41 - Отримання Квитків по сеансах, id - 930fe168-922c-16ac-1938-ee6e2ca1c585
2021-08-17 19:25:41 - Перевірка на те що дата введено кореткно.31.08.2021
2021-08-17 19:25:41 - Номер сесії: a, не коректний.
2021-08-17 19:25:46 - Отримання Квитків по сеансах, id - 930fe168-922c-16ac-1938-ee6e2ca1c585
2021-08-17 19:25:46 - Перевірка на те що дата введено кореткно.31.08.2021
2021-08-17 19:25:46 - Номер сесії: 2, не коректний.
2021-08-17 19:25:53 - Отримання Квитків по сеансах, id - 930fe168-922c-16ac-1938-ee6e2ca1c585
2021-08-17 19:25:53 - Перевірка на те що дата введено кореткно.31.08.2021
2021-08-17 19:25:53 - Передача квитків по сеансах.
2021-08-17 19:26:23 - Отримання Квитків по сеансах, id - 930fe168-922c-16ac-1938-ee6e2ca1c585
2021-08-17 19:26:23 - Перевірка на те що дата введено кореткно.31.08.2021
2021-08-17 19:26:23 - Передача квитків по сеансах.
2021-08-17 19:26:32 - Отримання Квитків по сеансах, id - 930fe168-922c-16ac-1938-ee6e2ca1c585
2021-08-17 19:26:32 - Перевірка на те що дата введено кореткно.31.08.2021
2021-08-17 19:26:32 - Передача квитків по сеансах.
2021-08-17 19:26:39 - Отримання Квитків по сеансах, id - 930fe168-922c-16ac-1938-ee6e2ca1c585
2021-08-17 19:26:39 - Перевірка на те що дата введено кореткно.31.08.2021
2021-08-17 19:26:39 - Передача квитків по сеансах.
2021-08-17 19:26:46 - Отримання Квитків по сеансах, id - 930fe168-922c-16ac-1938-ee6e2ca1c585
2021-08-17 19:26:46 - Перевірка на те що дата введено кореткно.31.08.2021
2021-08-17 19:26:46 - Передача квитків по сеансах.
2021-08-17 19:35:31 - Отримання Квитків по сеансах, id - 930fe168-922c-16ac-1938-ee6e2ca1c585
2021-08-17 19:35:31 - Перевірка на те що дата введено кореткно.31.08.2021
2021-08-17 19:35:31 - Передача квитків по сеансах.
2021-08-17 19:35:58 - Отримання Квитків по сеансах, id - 930fe168-922c-16ac-1938-ee6e2ca1c585
2021-08-17 19:35:58 - Перевірка на те що дата введено кореткно.31.08.2021
2021-08-17 19:35:58 - Передача квитків по сеансах.
2021-08-17 19:48:47 - Отримання Квитків по сеансах, id - 930fe168-922c-16ac-1938-ee6e2ca1c585
2021-08-17 19:48:47 - Перевірка на те що дата введено кореткно.31.08.2021
2021-08-17 19:48:47 - Передача квитків по сеансах.
2021-08-17 20:09:30 - Отримання Квитків по сеансах, id - 930fe168-922c-16ac-1938-ee6e2ca1c585
2021-08-17 20:09:30 - Перевірка на те що дата введено кореткно.31.08.2021
2021-08-17 20:09:30 - Передача квитків по сеансах.
2021-08-17 20:10:12 - Отримання Квитків по сеансах, id - 930fe168-922c-16ac-1938-ee6e2ca1c585
2021-08-17 20:10:12 - Перевірка на те що дата введено кореткно.31.08.2021
2021-08-17 20:10:12 - Передача квитків по сеансах.
2021-08-17 20:10:56 - Отримання Квитків по сеансах, id - 930fe168-922c-16ac-1938-ee6e2ca1c585
2021-08-17 20:10:56 - Перевірка на те що дата введено кореткно.31.08.2021
2021-08-17 20:10:56 - Передача квитків по сеансах.
2021-08-17 20:16:02 - Отримання Квитків по сеансах, id - 930fe168-922c-16ac-1938-ee6e2ca1c585
2021-08-17 20:16:02 - Перевірка на те що дата введено кореткно.31.08.2021
2021-08-17 20:16:02 - Передача квитків по сеансах.
2021-08-17 20:18:58 - Отримання Квитків по сеансах, id - 930fe168-922c-16ac-1938-ee6e2ca1c585
2021-08-17 20:18:58 - Перевірка на те що дата введено кореткно.31.08.2021
2021-08-17 20:18:58 - Передача квитків по сеансах.
2021-08-17 20:19:12 - Отримання Квитків по сеансах, id - 930fe168-922c-16ac-1938-ee6e2ca1c585
2021-08-17 20:19:12 - Перевірка на те що дата введено кореткно.31.08.2021
2021-08-17 20:19:12 - Передача квитків по сеансах.
2021-08-17 20:19:38 - Отримання Квитків по сеансах, id - 930fe168-922c-16ac-1938-ee6e2ca1c585
2021-08-17 20:19:38 - Перевірка на те що дата введено кореткно.31.08.2021
2021-08-17 20:19:38 - Передача квитків по сеансах.
2021-08-17 20:20:03 - Отримання Квитків по сеансах, id - 930fe168-922c-16ac-1938-ee6e2ca1c585
2021-08-17 20:20:03 - Перевірка на те що дата введено кореткно.31.08.2021
2021-08-17 20:20:03 - Передача квитків по сеансах.
2021-08-17 20:21:36 - Отримання Квитків по сеансах, id - 930fe168-922c-16ac-1938-ee6e2ca1c585
2021-08-17 20:21:36 - Перевірка на те що дата введено кореткно.31.08.2021
2021-08-17 20:21:36 - Передача квитків по сеансах.
2021-08-17 20:22:10 - Отримання Квитків по сеансах, id - 930fe168-922c-16ac-1938-ee6e2ca1c585
2021-08-17 20:22:10 - Перевірка на те що дата введено кореткно.31.08.2021
2021-08-17 20:22:10 - Передача квитків по сеансах.
2021-08-17 20:23:47 - Отримання Квитків по сеансах, id - 930fe168-922c-16ac-1938-ee6e2ca1c585
2021-08-17 20:23:47 - Перевірка на те що дата введено кореткно.31.08.2021
2021-08-17 20:23:47 - Передача квитків по сеансах.
2021-08-17 20:24:27 - Отримання Квитків по сеансах, id - 930fe168-922c-16ac-1938-ee6e2ca1c585
2021-08-17 20:24:27 - Перевірка на те що дата введено кореткно.31.08.2021
2021-08-17 20:24:27 - Передача квитків по сеансах.
2021-08-17 20:24:48 - Отримання Квитків по сеансах, id - 930fe168-922c-16ac-1938-ee6e2ca1c585
2021-08-17 20:24:48 - Перевірка на те що дата введено кореткно.31.08.2021
2021-08-17 20:24:48 - Передача квитків по сеансах.
2021-08-17 20:25:01 - Отримання Квитків по сеансах, id - 930fe168-922c-16ac-1938-ee6e2ca1c585
2021-08-17 20:25:01 - Перевірка на те що дата введено кореткно.31.08.2021
2021-08-17 20:25:01 - Передача квитків по сеансах.
2021-08-17 20:36:24 - Резервуванян квитків, id - 930fe168-922c-16ac-1938-ee6e2ca1c585
2021-08-17 20:36:24 - Строк дії id закінчився
2021-08-17 20:46:14 - Отримання Квитків по сеансах, id - 930fe168-922c-16ac-1938-ee6e2ca1c585
2021-08-17 20:46:14 - Строк дії id закінчився
2021-08-17 20:46:44 - Отримання Квитків по сеансах, id - 930fe168-922c-16ac-1938-ee6e2ca1c585
2021-08-17 20:46:44 - Перевірка на те що дата введено кореткно.31.08.2021
2021-08-17 20:46:44 - Передача квитків по сеансах.
2021-08-17 20:47:17 - Отримання Квитків по сеансах, id - 930fe168-922c-16ac-1938-ee6e2ca1c585
2021-08-17 20:47:17 - Перевірка на те що дата введено кореткно.31.08.2021
2021-08-17 20:47:17 - Передача квитків по сеансах.
2021-08-17 20:49:02 - Отримання Квитків по сеансах, id - 930fe168-922c-16ac-1938-ee6e2ca1c585
2021-08-17 20:49:02 - Перевірка на те що дата введено кореткно.31.08.2021
2021-08-17 20:49:02 - Передача квитків по сеансах.
2021-08-17 20:52:23 - Резервуванян квитків, id - 930fe168-922c-16ac-1938-ee6e2ca1c585
2021-08-17 20:52:23 - Перевірка на те що дата введено кореткно.31.08.2021
2021-08-17 20:52:23 - Передача квитків по сеансах.
2021-08-17 20:52:29 - Отримання Квитків по сеансах, id - 930fe168-922c-16ac-1938-ee6e2ca1c585
2021-08-17 20:52:29 - Перевірка на те що дата введено кореткно.31.08.2021
2021-08-17 20:52:29 - Передача квитків по сеансах.
