2021-08-16 07:47:36 - Спроба логування.
2021-08-16 07:47:36 - site
2021-08-16 07:47:36 - GJ9Ut5b5x5
2021-08-16 07:47:36 - Авторизація успішна, id - 6fd8cdd3-b6f9-4e30-c4a4-39db8f69750a
2021-08-16 07:49:23 - Спроба логування.
2021-08-16 07:49:23 - site
2021-08-16 07:49:23 - GJ9Ut5b5x5
2021-08-16 07:49:23 - Авторизація успішна, id - 35727c39-e917-71db-c9c5-5d95f7b82f4c
2021-08-16 07:51:24 - Спроба логування.
2021-08-16 07:51:24 - site
2021-08-16 07:51:24 - GJ9Ut5b5x5
2021-08-16 11:50:21 - Спроба логування.
2021-08-16 11:50:21 - site
2021-08-16 11:50:21 - GJ9Ut5b5x5
2021-08-16 11:50:29 - Спроба логування.
2021-08-16 11:50:29 - site
2021-08-16 11:50:29 - GJ9Ut5b5x5
2021-08-16 11:51:23 - Спроба логування.
2021-08-16 11:51:23 - site
2021-08-16 11:51:23 - GJ9Ut5b5x5
2021-08-16 11:51:29 - Спроба логування.
2021-08-16 11:51:29 - site
2021-08-16 11:51:29 - GJ9Ut5b5x5
2021-08-16 11:52:32 - Спроба логування.
2021-08-16 11:52:32 - site
2021-08-16 11:52:32 - GJ9Ut5b5x5
2021-08-16 11:53:13 - Спроба логування.
2021-08-16 11:53:13 - site
2021-08-16 11:53:13 - GJ9Ut5b5x5
2021-08-16 11:53:29 - Спроба логування.
2021-08-16 11:53:29 - site
2021-08-16 11:53:29 - GJ9Ut5b5x5
2021-08-16 11:54:08 - Спроба логування.
2021-08-16 11:54:08 - site
2021-08-16 11:54:08 - GJ9Ut5b5x5
2021-08-16 11:54:08 - Авторизація успішна, id - 8b80b573-abaa-0a0a-0c56-9196c0055511
2021-08-16 13:24:05 - Спроба логування.
2021-08-16 13:24:05 - site
2021-08-16 13:24:05 - GJ9Ut5b5x5
2021-08-16 13:24:05 - Авторизація успішна, id - 930fe168-922c-16ac-1938-ee6e2ca1c585
2021-08-16 13:24:39 - Спроба розлогіна
2021-08-16 13:26:54 - Спроба логування.
2021-08-16 13:26:54 - 
2021-08-16 13:26:54 - 
2021-08-16 13:27:22 - Спроба логування.
2021-08-16 13:27:22 - 
2021-08-16 13:27:22 - 
2021-08-16 13:28:02 - Спроба логування.
2021-08-16 13:28:02 - site
2021-08-16 13:28:02 - GJ9Ut5b5x5
2021-08-16 13:28:02 - Авторизація успішна, id - dc6c5a72-c9e8-ec8f-924b-8de5795677fc
2021-08-16 13:28:58 - Спроба розлогіна
2021-08-16 13:29:37 - Спроба розлогіна
2021-08-16 13:29:56 - Спроба розлогіна
2021-08-16 13:29:56 - Розлогін вдалий.
2021-08-16 13:30:32 - Спроба розлогіна
2021-08-16 13:30:32 - Розлогін вдалий.
2021-08-16 13:30:39 - Спроба розлогіна
2021-08-16 13:30:39 - Розлогін вдалий.
2021-08-16 13:31:43 - Спроба розлогіна
2021-08-16 13:31:43 - Розлогін вдалий.ID:dc6c5a72-c9e8-ec8f-924b-8de5795677f4c
2021-08-16 13:39:40 - Спроба підтвердження квитків, id - 
2021-08-16 13:42:36 - Спроба підтвердження квитків, id - 
2021-08-16 13:42:59 - Спроба підтвердження квитків, id - 
2021-08-16 13:43:20 - Спроба підтвердження квитків, id - 
2021-08-16 13:56:21 - Отримання сеансів по днях, id - dc6c5a72-c9e8-ec8f-924b-8de5795677f4c
2021-08-16 13:56:32 - Отримання сеансів по днях, id - dc6c5a72-c9e8-ec8f-924b-8de5795677f4c
2021-08-16 13:58:18 - Отримання сеансів по днях, id - dc6c5a72-c9e8-ec8f-924b-8de5795677f4c
2021-08-16 13:59:31 - Отримання сеансів по днях, id - dc6c5a72-c9e8-ec8f-924b-8de5795677f4c
2021-08-16 13:59:31 - Перевірка на те що дата введено кореткно.
2021-08-16 13:59:56 - Отримання сеансів по днях, id - dc6c5a72-c9e8-ec8f-924b-8de5795677f4c
2021-08-16 13:59:56 - Перевірка на те що дата введено кореткно.
2021-08-16 14:01:12 - Отримання сеансів по днях, id - dc6c5a72-c9e8-ec8f-924b-8de5795677f4c
2021-08-16 14:01:12 - Перевірка на те що дата введено кореткно.41.08.2021
2021-08-16 14:01:40 - Отримання сеансів по днях, id - dc6c5a72-c9e8-ec8f-924b-8de5795677f4c
2021-08-16 14:01:40 - Перевірка на те що дата введено кореткно.41.08.2021
2021-08-16 14:04:27 - Отримання сеансів по днях, id - 
2021-08-16 14:04:36 - Отримання сеансів по днях, id - dc6c5a72-c9e8-ec8f-924b-8de5795677f4c
2021-08-16 14:04:36 - Перевірка на те що дата введено кореткно.41.08.2021
2021-08-16 14:05:12 - Отримання сеансів по днях, id - dc6c5a72-c9e8-ec8f-924b-8de5795677f4c
2021-08-16 14:05:12 - Перевірка на те що дата введено кореткно.31.08.2021
2021-08-16 14:05:27 - Отримання сеансів по днях, id - dc6c5a72-c9e8-ec8f-924b-8de5795677f4c
2021-08-16 14:05:27 - Перевірка на те що дата введено кореткно.31.08.2021
2021-08-16 14:09:22 - Отримання сеансів по днях, id - dc6c5a72-c9e8-ec8f-924b-8de5795677f4c
2021-08-16 14:09:22 - Перевірка на те що дата введено кореткно.31.08.2021
2021-08-16 14:12:06 - Отримання сеансів по днях, id - dc6c5a72-c9e8-ec8f-924b-8de5795677f4c
2021-08-16 14:12:06 - Перевірка на те що дата введено кореткно.31.08.2021
2021-08-16 14:13:22 - Отримання сеансів по днях, id - dc6c5a72-c9e8-ec8f-924b-8de5795677f4c
2021-08-16 14:13:22 - Перевірка на те що дата введено кореткно.31.08.2021
2021-08-16 14:14:38 - Отримання сеансів по днях, id - dc6c5a72-c9e8-ec8f-924b-8de5795677f4c
2021-08-16 14:14:38 - Перевірка на те що дата введено кореткно.31.08.2021
2021-08-16 14:17:40 - Отримання сеансів по днях, id - 930fe168-922c-16ac-1938-ee6e2ca1c585
2021-08-16 14:17:40 - Перевірка на те що дата введено кореткно.31.08.2021
2021-08-16 14:17:40 - Додавання квитків в контролер.
2021-08-16 14:19:59 - Отримання сеансів по днях, id - 930fe168-922c-16ac-1938-ee6e2ca1c585
2021-08-16 14:19:59 - Перевірка на те що дата введено кореткно.31.08.2021
2021-08-16 14:19:59 - Додавання квитків в контролер.
2021-08-16 14:20:22 - Отримання сеансів по днях, id - 930fe168-922c-16ac-1938-ee6e2ca1c585
2021-08-16 14:20:22 - Перевірка на те що дата введено кореткно.31.08.2021
2021-08-16 14:21:20 - Отримання сеансів по днях, id - 930fe168-922c-16ac-1938-ee6e2ca1c585
2021-08-16 14:21:20 - Перевірка на те що дата введено кореткно.31.08.2021
2021-08-16 14:22:31 - Отримання сеансів по днях, id - 930fe168-922c-16ac-1938-ee6e2ca1c585
2021-08-16 14:22:31 - Перевірка на те що дата введено кореткно.31.08.2021
2021-08-16 14:22:31 - Додавання квитків в контролер.
2021-08-16 14:22:31 - Додавання квитків в контролер_успіх
2021-08-16 14:22:43 - Отримання сеансів по днях, id - 930fe168-922c-16ac-1938-ee6e2ca1c585
2021-08-16 14:22:43 - Перевірка на те що дата введено кореткно.31.08.2021
2021-08-16 14:22:43 - Додавання квитків в контролер.
2021-08-16 14:22:43 - Додавання квитків в контролер_успіх
2021-08-16 14:27:34 - Отримання сеансів по днях, id - 930fe168-922c-16ac-1938-ee6e2ca1c585
2021-08-16 14:27:34 - Перевірка на те що дата введено кореткно.31.08.2021
2021-08-16 14:27:34 - Додавання квитків в контролер.
2021-08-16 14:27:34 - Додавання квитків в контролер_успіх
2021-08-16 14:28:05 - Отримання сеансів по днях, id - 930fe168-922c-16ac-1938-ee6e2ca1c585
2021-08-16 14:28:05 - Перевірка на те що дата введено кореткно.31.08.2021
2021-08-16 14:28:51 - Отримання сеансів по днях, id - 930fe168-922c-16ac-1938-ee6e2ca1c585
2021-08-16 14:28:51 - Перевірка на те що дата введено кореткно.31.08.2021
2021-08-16 14:31:23 - Отримання сеансів по днях, id - 930fe168-922c-16ac-1938-ee6e2ca1c585
2021-08-16 14:31:23 - Перевірка на те що дата введено кореткно.31.08.2021
2021-08-16 14:39:09 - Отримання сеансів по днях, id - 930fe168-922c-16ac-1938-ee6e2ca1c585
2021-08-16 14:39:34 - Отримання сеансів по днях, id - 930fe168-922c-16ac-1938-ee6e2ca1c585
2021-08-16 14:40:32 - Отримання сеансів по днях, id - 930fe168-922c-16ac-1938-ee6e2ca1c585
2021-08-16 14:43:09 - Отримання сеансів по днях, id - 930fe168-922c-16ac-1938-ee6e2ca1c585
2021-08-16 14:43:30 - Отримання сеансів по днях, id - 930fe168-922c-16ac-1938-ee6e2ca1c585
2021-08-16 14:56:33 - Отримання сеансів по днях, id - 930fe168-922c-16ac-1938-ee6e2ca1c585
2021-08-16 14:57:52 - Отримання сеансів по днях, id - 930fe168-922c-16ac-1938-ee6e2ca1c585
2021-08-16 14:59:08 - Отримання сеансів по днях, id - 930fe168-922c-16ac-1938-ee6e2ca1c585
2021-08-16 15:19:32 - Отримання сеансів по днях, id - 930fe168-922c-16ac-1938-ee6e2ca1c585
2021-08-16 15:20:26 - Отримання сеансів по днях, id - 930fe168-922c-16ac-1938-ee6e2ca1c585
2021-08-16 15:20:26 - Перевірка на те що дата введено кореткно.31.08.2021
2021-08-16 15:20:26 - Додавання квитків в контролер.
2021-08-16 15:20:26 - Додавання квитків в контролер_успіх
2021-08-16 15:21:50 - Отримання сеансів по днях, id - 930fe168-922c-16ac-1938-ee6e2ca1c585
2021-08-16 15:21:50 - Перевірка на те що дата введено кореткно.31.08.2021
2021-08-16 15:21:50 - Додавання квитків в контролер.
2021-08-16 15:21:50 - Додавання квитків в контролер_успіх
2021-08-16 15:22:34 - Отримання сеансів по днях, id - 930fe168-922c-16ac-1938-ee6e2ca1c585
2021-08-16 15:22:34 - Строк дії id закінчився
2021-08-16 15:22:55 - Отримання сеансів по днях, id - 930fe168-922c-16ac-1938-ee6e2ca1c585
2021-08-16 15:22:55 - Перевірка на те що дата введено кореткно.31.08.2021
2021-08-16 15:22:55 - Додавання квитків в контролер.
2021-08-16 15:22:55 - Додавання квитків в контролер_успіх
2021-08-16 15:23:08 - Отримання сеансів по днях, id - 930fe168-922c-16ac-1938-ee6e2ca1c585
2021-08-16 15:23:08 - Строк дії id закінчився
2021-08-16 15:24:57 - Отримання сеансів по днях, id - 930fe168-922c-16ac-1938-ee6e2ca1c585
2021-08-16 15:24:57 - Перевірка на те що дата введено кореткно.31.08.2021
2021-08-16 15:24:57 - Додавання квитків в контролер.
2021-08-16 15:24:57 - Додавання квитків в контролер_успіх
2021-08-16 15:26:26 - Отримання сеансів по днях, id - 930fe168-922c-qer1c585
2021-08-16 15:26:40 - Отримання сеансів по днях, id - 930fe168-922c-16ac-1928-ee6e2ca1c585
2021-08-16 15:26:40 - Строк дії id закінчився
