2021-08-15 09:16:24 - Спроба логування.
2021-08-15 09:16:24 - 
2021-08-15 09:16:24 - 
2021-08-15 09:16:49 - Спроба логування.
2021-08-15 09:16:49 - 
2021-08-15 09:16:49 - 
2021-08-15 09:17:17 - Спроба логування.
2021-08-15 09:17:17 - 
2021-08-15 09:17:17 - 
2021-08-15 09:17:50 - Спроба логування.
2021-08-15 09:17:50 - 
2021-08-15 09:17:50 - 
2021-08-15 09:19:45 - Спроба логування.
2021-08-15 09:19:45 - 
2021-08-15 09:19:45 - 
2021-08-15 09:20:25 - Спроба логування.
2021-08-15 09:20:25 - 
2021-08-15 09:20:25 - 
2021-08-15 09:20:48 - Спроба логування.
2021-08-15 09:20:48 - 
2021-08-15 09:20:48 - 
2021-08-15 09:20:58 - Спроба логування.
2021-08-15 09:20:58 - 
2021-08-15 09:20:58 - 
2021-08-15 09:21:45 - Спроба логування.
2021-08-15 09:21:45 - 
2021-08-15 09:21:45 - 
2021-08-15 09:22:17 - Спроба логування.
2021-08-15 09:22:17 - 
2021-08-15 09:22:17 - 
2021-08-15 09:24:50 - Спроба логування.
2021-08-15 09:24:50 - 
2021-08-15 09:24:50 - 
2021-08-15 09:37:45 - Спроба логування.
2021-08-15 09:37:45 - 
2021-08-15 09:37:45 - 
2021-08-15 09:40:21 - Спроба логування.
2021-08-15 09:40:21 - 
2021-08-15 09:40:21 - 
2021-08-15 09:41:20 - Спроба логування.
2021-08-15 09:41:20 - 
2021-08-15 09:41:20 - 
2021-08-15 09:41:52 - Спроба логування.
2021-08-15 09:41:52 - 
2021-08-15 09:41:52 - 
2021-08-15 09:43:00 - Спроба логування.
2021-08-15 09:43:00 - site
2021-08-15 09:43:00 - GJ9Ut5b5x5
2021-08-15 09:43:34 - Спроба логування.
2021-08-15 09:43:34 - site
2021-08-15 09:43:34 - GJ9Ut5b5x5
2021-08-15 09:44:47 - Спроба логування.
2021-08-15 09:44:47 - site
2021-08-15 09:44:47 - GJ9Ut5b5x5
2021-08-15 09:45:10 - Спроба логування.
2021-08-15 09:45:10 - site
2021-08-15 09:45:10 - GJ9Ut5b5x5
2021-08-15 09:48:13 - Спроба логування.
2021-08-15 09:48:13 - site
2021-08-15 09:48:13 - GJ9Ut5b5x5
2021-08-15 09:48:49 - Спроба логування.
2021-08-15 09:48:49 - site
2021-08-15 09:48:49 - GJ9Ut5b5x5
2021-08-15 09:50:18 - Спроба логування.
2021-08-15 09:50:18 - site
2021-08-15 09:50:18 - GJ9Ut5b5x5
2021-08-15 09:51:11 - Спроба логування.
2021-08-15 09:51:11 - site
2021-08-15 09:51:11 - GJ9Ut5b5x5
2021-08-15 09:57:57 - Спроба логування.
2021-08-15 09:57:57 - site
2021-08-15 09:57:57 - GJ9Ut5b5x5
2021-08-15 10:00:36 - Спроба логування.
2021-08-15 10:00:36 - site
2021-08-15 10:00:36 - GJ9Ut5b5x5
2021-08-15 10:04:20 - Спроба логування.
2021-08-15 10:04:20 - site
2021-08-15 10:04:20 - GJ9Ut5b5x5
2021-08-15 10:06:56 - Спроба логування.
2021-08-15 10:06:56 - site
2021-08-15 10:06:56 - GJ9Ut5b5x5
2021-08-15 10:24:09 - Спроба логування.
2021-08-15 10:24:09 - site
2021-08-15 10:24:09 - GJ9Ut5b5x5
2021-08-15 13:13:00 - Спроба логування.
2021-08-15 13:13:00 - site
2021-08-15 13:13:00 - GJ9Ut5b5x5
2021-08-15 13:13:28 - Спроба логування.
2021-08-15 13:13:28 - site
2021-08-15 13:13:28 - GJ9Ut5b5x5
2021-08-15 13:13:57 - Спроба логування.
2021-08-15 13:13:57 - site
2021-08-15 13:13:57 - GJ9Ut5b5x5
2021-08-15 13:13:57 - Авторизація успішна, id - 8abb11ff-0d04-5bcf-4838-5fdac63b5720
2021-08-15 13:14:34 - Спроба логування.
2021-08-15 13:14:34 - site
2021-08-15 13:14:34 - GJ9Ut5b5x5
2021-08-15 13:14:34 - Авторизація успішна, id - 8ecb2f13-fd24-7af6-b905-1b797ec920b9
2021-08-15 13:14:59 - Спроба логування.
2021-08-15 13:14:59 - site
2021-08-15 13:14:59 - GJ9Ut5b5x5
2021-08-15 13:14:59 - Авторизація успішна, id - 5294bf5b-a030-3d7b-4f61-21fda4442263
2021-08-15 13:17:20 - Спроба логування.
2021-08-15 13:17:20 - site
2021-08-15 13:17:20 - GJ9Ut5b5x5
2021-08-15 13:17:20 - Авторизація успішна, id - 08089f2f-864c-e716-73b0-d5846702d61b
2021-08-15 13:17:35 - Спроба логування.
2021-08-15 13:17:35 - site
2021-08-15 13:17:35 - GJ9Ut5b5x5
2021-08-15 13:17:35 - Авторизація успішна, id - 74c38603-3f8b-4329-5a44-a1f989b839a2
2021-08-15 13:18:33 - Спроба логування.
2021-08-15 13:18:33 - site
2021-08-15 13:18:33 - GJ9Ut5b5x5
2021-08-15 13:18:33 - Авторизація успішна, id - 380bf9f9-2312-a669-2f5b-f1481fd4acf1
2021-08-15 13:18:47 - Спроба логування.
2021-08-15 13:18:47 - site
2021-08-15 13:18:47 - GJ9Ut5b5x5
2021-08-15 13:18:47 - Авторизація успішна, id - 28f419f3-1b20-e2c9-1118-39f3a5c379f9
2021-08-15 13:21:27 - Спроба логування.
2021-08-15 13:21:27 - site
2021-08-15 13:21:27 - GJ9Ut5b5x5
2021-08-15 13:21:27 - Авторизація успішна, id - d2f8b21c-fa14-702c-851c-32277112b66f
2021-08-15 13:27:48 - Спроба логування.
2021-08-15 13:27:48 - site
2021-08-15 13:27:48 - GJ9Ut5b5x5
2021-08-15 13:27:48 - Авторизація успішна, id - 170f5a3c-932a-60a9-bf0d-dbf5bf0386a6
2021-08-15 13:28:27 - Спроба логування.
2021-08-15 13:28:27 - site
2021-08-15 13:28:27 - GJ9Ut5b5x5
2021-08-15 13:28:27 - Авторизація успішна, id - 5de2a567-6178-332b-2a6c-e2d0ff26c33e
2021-08-15 13:28:58 - Спроба логування.
2021-08-15 13:28:58 - site
2021-08-15 13:28:58 - GJ9Ut5b5x5
2021-08-15 13:28:58 - Авторизація успішна, id - 0db59047-c3cf-f5ee-87c1-b1217f2d9d79
2021-08-15 13:31:27 - Спроба логування.
2021-08-15 13:31:27 - site
2021-08-15 13:31:27 - GJ9Ut5b5x5
2021-08-15 13:31:27 - Авторизація успішна, id - 36488853-f0c9-e6fb-adb0-c8c105210f76
2021-08-15 13:33:02 - Спроба логування.
2021-08-15 13:33:02 - site
2021-08-15 13:33:02 - GJ9Ut5b5x5
2021-08-15 13:33:02 - Авторизація успішна, id - 5f14f55e-8070-0512-bd4c-462ba70c6311
2021-08-15 13:33:38 - Спроба логування.
2021-08-15 13:33:38 - site
2021-08-15 13:33:38 - GJ9Ut5b5x5
2021-08-15 13:33:38 - Авторизація успішна, id - 6439fee6-f3f2-5a58-3925-86ff84d5b0af
2021-08-15 13:34:22 - Спроба логування.
2021-08-15 13:34:22 - site
2021-08-15 13:34:22 - GJ9Ut5b5x5
2021-08-15 13:34:22 - Авторизація успішна, id - 3fb4e5ea-5ceb-e25f-2382-314960ee9cf1
2021-08-15 13:34:45 - Спроба логування.
2021-08-15 13:34:45 - site
2021-08-15 13:34:45 - GJ9Ut5b5x5
2021-08-15 13:34:45 - Авторизація успішна, id - 298c1e9e-2a53-5d8b-29f0-70b643b668fd
